{"C:\\ACIT level 2\\Projects\\Wishlister\\config.js": {"path":"C:\\ACIT level 2\\Projects\\Wishlister\\config.js","statementMap":{"0":{"start":{"line":1,"column":12},"end":{"line":1,"column":28}},"1":{"start":{"line":2,"column":17},"end":{"line":8,"column":2}},"2":{"start":{"line":35,"column":0},"end":{"line":37,"column":2}}},"fnMap":{},"branchMap":{},"s":{"0":1,"1":1,"2":1},"f":{},"b":{},"_coverageSchema":"332fd63041d2c1bcb487cc26dd0d5f7d97098a6c","hash":"cae35b0b82538cd45a6f2f5142bc51e48477c360"}
,"C:\\ACIT level 2\\Projects\\Wishlister\\gog.js": {"path":"C:\\ACIT level 2\\Projects\\Wishlister\\gog.js","statementMap":{"0":{"start":{"line":6,"column":16},"end":{"line":6,"column":34}},"1":{"start":{"line":8,"column":14},"end":{"line":23,"column":1}},"2":{"start":{"line":9,"column":2},"end":{"line":22,"column":5}},"3":{"start":{"line":10,"column":4},"end":{"line":21,"column":11}},"4":{"start":{"line":14,"column":8},"end":{"line":20,"column":11}},"5":{"start":{"line":15,"column":12},"end":{"line":15,"column":26}},"6":{"start":{"line":18,"column":27},"end":{"line":18,"column":40}},"7":{"start":{"line":19,"column":12},"end":{"line":19,"column":30}},"8":{"start":{"line":25,"column":23},"end":{"line":34,"column":1}},"9":{"start":{"line":26,"column":17},"end":{"line":26,"column":26}},"10":{"start":{"line":27,"column":2},"end":{"line":31,"column":3}},"11":{"start":{"line":28,"column":4},"end":{"line":30,"column":5}},"12":{"start":{"line":29,"column":6},"end":{"line":29,"column":30}},"13":{"start":{"line":33,"column":2},"end":{"line":33,"column":17}},"14":{"start":{"line":36,"column":19},"end":{"line":41,"column":1}},"15":{"start":{"line":37,"column":2},"end":{"line":40,"column":3}},"16":{"start":{"line":44,"column":1},"end":{"line":46,"column":2}}},"fnMap":{"0":{"name":"(anonymous_0)","decl":{"start":{"line":8,"column":14},"end":{"line":8,"column":15}},"loc":{"start":{"line":8,"column":29},"end":{"line":23,"column":1}},"line":8},"1":{"name":"(anonymous_1)","decl":{"start":{"line":9,"column":21},"end":{"line":9,"column":22}},"loc":{"start":{"line":9,"column":42},"end":{"line":22,"column":3}},"line":9},"2":{"name":"(anonymous_2)","decl":{"start":{"line":13,"column":7},"end":{"line":13,"column":8}},"loc":{"start":{"line":13,"column":34},"end":{"line":21,"column":9}},"line":13},"3":{"name":"(anonymous_3)","decl":{"start":{"line":25,"column":23},"end":{"line":25,"column":24}},"loc":{"start":{"line":25,"column":49},"end":{"line":34,"column":1}},"line":25},"4":{"name":"(anonymous_4)","decl":{"start":{"line":36,"column":19},"end":{"line":36,"column":20}},"loc":{"start":{"line":36,"column":33},"end":{"line":41,"column":1}},"line":36}},"branchMap":{"0":{"loc":{"start":{"line":14,"column":8},"end":{"line":20,"column":11}},"type":"if","locations":[{"start":{"line":14,"column":8},"end":{"line":20,"column":11}},{"start":{"line":14,"column":8},"end":{"line":20,"column":11}}],"line":14},"1":{"loc":{"start":{"line":28,"column":4},"end":{"line":30,"column":5}},"type":"if","locations":[{"start":{"line":28,"column":4},"end":{"line":30,"column":5}},{"start":{"line":28,"column":4},"end":{"line":30,"column":5}}],"line":28}},"s":{"0":1,"1":1,"2":2,"3":2,"4":2,"5":0,"6":2,"7":2,"8":1,"9":2,"10":2,"11":2,"12":1,"13":2,"14":1,"15":1,"16":1},"f":{"0":2,"1":2,"2":2,"3":2,"4":1},"b":{"0":[0,2],"1":[1,1]},"_coverageSchema":"332fd63041d2c1bcb487cc26dd0d5f7d97098a6c","hash":"f1e41410a61ad84c140be60c17985daeae84be72"}
,"C:\\ACIT level 2\\Projects\\Wishlister\\sql_db.js": {"path":"C:\\ACIT level 2\\Projects\\Wishlister\\sql_db.js","statementMap":{"0":{"start":{"line":9,"column":16},"end":{"line":9,"column":34}},"1":{"start":{"line":14,"column":15},"end":{"line":14,"column":37}},"2":{"start":{"line":15,"column":12},"end":{"line":15,"column":24}},"3":{"start":{"line":21,"column":17},"end":{"line":21,"column":34}},"4":{"start":{"line":27,"column":0},"end":{"line":34,"column":3}},"5":{"start":{"line":28,"column":4},"end":{"line":31,"column":5}},"6":{"start":{"line":29,"column":8},"end":{"line":29,"column":66}},"7":{"start":{"line":30,"column":8},"end":{"line":30,"column":15}},"8":{"start":{"line":33,"column":4},"end":{"line":33,"column":73}},"9":{"start":{"line":39,"column":10},"end":{"line":39,"column":31}},"10":{"start":{"line":48,"column":0},"end":{"line":50,"column":3}},"11":{"start":{"line":49,"column":4},"end":{"line":49,"column":22}},"12":{"start":{"line":49,"column":13},"end":{"line":49,"column":22}},"13":{"start":{"line":58,"column":21},"end":{"line":81,"column":1}},"14":{"start":{"line":64,"column":2},"end":{"line":80,"column":5}},"15":{"start":{"line":66,"column":16},"end":{"line":66,"column":65}},"16":{"start":{"line":73,"column":4},"end":{"line":79,"column":7}},"17":{"start":{"line":74,"column":6},"end":{"line":78,"column":7}},"18":{"start":{"line":75,"column":8},"end":{"line":75,"column":20}},"19":{"start":{"line":77,"column":8},"end":{"line":77,"column":29}},"20":{"start":{"line":90,"column":32},"end":{"line":112,"column":1}},"21":{"start":{"line":96,"column":2},"end":{"line":111,"column":5}},"22":{"start":{"line":97,"column":19},"end":{"line":97,"column":83}},"23":{"start":{"line":104,"column":4},"end":{"line":110,"column":7}},"24":{"start":{"line":105,"column":8},"end":{"line":109,"column":9}},"25":{"start":{"line":106,"column":10},"end":{"line":106,"column":22}},"26":{"start":{"line":108,"column":10},"end":{"line":108,"column":26}},"27":{"start":{"line":121,"column":22},"end":{"line":144,"column":1}},"28":{"start":{"line":127,"column":2},"end":{"line":143,"column":5}},"29":{"start":{"line":129,"column":19},"end":{"line":129,"column":80}},"30":{"start":{"line":136,"column":4},"end":{"line":142,"column":7}},"31":{"start":{"line":137,"column":8},"end":{"line":141,"column":9}},"32":{"start":{"line":138,"column":10},"end":{"line":138,"column":22}},"33":{"start":{"line":140,"column":10},"end":{"line":140,"column":26}},"34":{"start":{"line":153,"column":27},"end":{"line":176,"column":1}},"35":{"start":{"line":159,"column":2},"end":{"line":175,"column":5}},"36":{"start":{"line":161,"column":22},"end":{"line":161,"column":82}},"37":{"start":{"line":168,"column":4},"end":{"line":174,"column":7}},"38":{"start":{"line":169,"column":8},"end":{"line":173,"column":9}},"39":{"start":{"line":170,"column":10},"end":{"line":170,"column":22}},"40":{"start":{"line":172,"column":10},"end":{"line":172,"column":26}},"41":{"start":{"line":184,"column":24},"end":{"line":208,"column":1}},"42":{"start":{"line":191,"column":2},"end":{"line":207,"column":5}},"43":{"start":{"line":192,"column":16},"end":{"line":192,"column":70}},"44":{"start":{"line":200,"column":4},"end":{"line":206,"column":7}},"45":{"start":{"line":201,"column":6},"end":{"line":205,"column":7}},"46":{"start":{"line":202,"column":8},"end":{"line":202,"column":20}},"47":{"start":{"line":204,"column":8},"end":{"line":204,"column":29}},"48":{"start":{"line":218,"column":18},"end":{"line":243,"column":1}},"49":{"start":{"line":225,"column":2},"end":{"line":242,"column":5}},"50":{"start":{"line":226,"column":15},"end":{"line":226,"column":138}},"51":{"start":{"line":235,"column":4},"end":{"line":241,"column":7}},"52":{"start":{"line":236,"column":8},"end":{"line":240,"column":9}},"53":{"start":{"line":237,"column":10},"end":{"line":237,"column":22}},"54":{"start":{"line":239,"column":10},"end":{"line":239,"column":24}},"55":{"start":{"line":252,"column":27},"end":{"line":279,"column":1}},"56":{"start":{"line":259,"column":2},"end":{"line":278,"column":4}},"57":{"start":{"line":260,"column":20},"end":{"line":260,"column":103}},"58":{"start":{"line":261,"column":22},"end":{"line":261,"column":27}},"59":{"start":{"line":269,"column":4},"end":{"line":277,"column":7}},"60":{"start":{"line":270,"column":8},"end":{"line":272,"column":9}},"61":{"start":{"line":271,"column":12},"end":{"line":271,"column":24}},"62":{"start":{"line":273,"column":8},"end":{"line":275,"column":9}},"63":{"start":{"line":274,"column":12},"end":{"line":274,"column":31}},"64":{"start":{"line":276,"column":8},"end":{"line":276,"column":29}},"65":{"start":{"line":281,"column":28},"end":{"line":308,"column":1}},"66":{"start":{"line":288,"column":2},"end":{"line":307,"column":4}},"67":{"start":{"line":289,"column":22},"end":{"line":289,"column":103}},"68":{"start":{"line":290,"column":22},"end":{"line":290,"column":27}},"69":{"start":{"line":298,"column":4},"end":{"line":306,"column":7}},"70":{"start":{"line":299,"column":8},"end":{"line":301,"column":9}},"71":{"start":{"line":300,"column":12},"end":{"line":300,"column":24}},"72":{"start":{"line":302,"column":8},"end":{"line":304,"column":9}},"73":{"start":{"line":303,"column":12},"end":{"line":303,"column":31}},"74":{"start":{"line":305,"column":8},"end":{"line":305,"column":29}},"75":{"start":{"line":310,"column":24},"end":{"line":337,"column":1}},"76":{"start":{"line":317,"column":2},"end":{"line":336,"column":4}},"77":{"start":{"line":318,"column":22},"end":{"line":318,"column":103}},"78":{"start":{"line":319,"column":22},"end":{"line":319,"column":27}},"79":{"start":{"line":327,"column":4},"end":{"line":335,"column":7}},"80":{"start":{"line":328,"column":8},"end":{"line":330,"column":9}},"81":{"start":{"line":329,"column":12},"end":{"line":329,"column":24}},"82":{"start":{"line":331,"column":8},"end":{"line":333,"column":9}},"83":{"start":{"line":332,"column":12},"end":{"line":332,"column":31}},"84":{"start":{"line":334,"column":8},"end":{"line":334,"column":29}},"85":{"start":{"line":339,"column":0},"end":{"line":341,"column":1}}},"fnMap":{"0":{"name":"(anonymous_0)","decl":{"start":{"line":27,"column":19},"end":{"line":27,"column":20}},"loc":{"start":{"line":27,"column":33},"end":{"line":34,"column":1}},"line":27},"1":{"name":"(anonymous_1)","decl":{"start":{"line":48,"column":22},"end":{"line":48,"column":23}},"loc":{"start":{"line":48,"column":50},"end":{"line":50,"column":1}},"line":48},"2":{"name":"(anonymous_2)","decl":{"start":{"line":58,"column":21},"end":{"line":58,"column":22}},"loc":{"start":{"line":58,"column":36},"end":{"line":81,"column":1}},"line":58},"3":{"name":"(anonymous_3)","decl":{"start":{"line":64,"column":21},"end":{"line":64,"column":22}},"loc":{"start":{"line":64,"column":42},"end":{"line":80,"column":3}},"line":64},"4":{"name":"(anonymous_4)","decl":{"start":{"line":73,"column":28},"end":{"line":73,"column":29}},"loc":{"start":{"line":73,"column":62},"end":{"line":79,"column":5}},"line":73},"5":{"name":"(anonymous_5)","decl":{"start":{"line":90,"column":32},"end":{"line":90,"column":33}},"loc":{"start":{"line":90,"column":48},"end":{"line":112,"column":1}},"line":90},"6":{"name":"(anonymous_6)","decl":{"start":{"line":96,"column":22},"end":{"line":96,"column":23}},"loc":{"start":{"line":96,"column":43},"end":{"line":111,"column":3}},"line":96},"7":{"name":"(anonymous_7)","decl":{"start":{"line":104,"column":31},"end":{"line":104,"column":32}},"loc":{"start":{"line":104,"column":61},"end":{"line":110,"column":5}},"line":104},"8":{"name":"(anonymous_8)","decl":{"start":{"line":121,"column":22},"end":{"line":121,"column":23}},"loc":{"start":{"line":121,"column":38},"end":{"line":144,"column":1}},"line":121},"9":{"name":"(anonymous_9)","decl":{"start":{"line":127,"column":22},"end":{"line":127,"column":23}},"loc":{"start":{"line":127,"column":43},"end":{"line":143,"column":3}},"line":127},"10":{"name":"(anonymous_10)","decl":{"start":{"line":136,"column":31},"end":{"line":136,"column":32}},"loc":{"start":{"line":136,"column":61},"end":{"line":142,"column":5}},"line":136},"11":{"name":"(anonymous_11)","decl":{"start":{"line":153,"column":27},"end":{"line":153,"column":28}},"loc":{"start":{"line":153,"column":43},"end":{"line":176,"column":1}},"line":153},"12":{"name":"(anonymous_12)","decl":{"start":{"line":159,"column":22},"end":{"line":159,"column":23}},"loc":{"start":{"line":159,"column":43},"end":{"line":175,"column":3}},"line":159},"13":{"name":"(anonymous_13)","decl":{"start":{"line":168,"column":34},"end":{"line":168,"column":35}},"loc":{"start":{"line":168,"column":64},"end":{"line":174,"column":5}},"line":168},"14":{"name":"(anonymous_14)","decl":{"start":{"line":184,"column":24},"end":{"line":184,"column":25}},"loc":{"start":{"line":184,"column":40},"end":{"line":208,"column":1}},"line":184},"15":{"name":"(anonymous_15)","decl":{"start":{"line":191,"column":22},"end":{"line":191,"column":23}},"loc":{"start":{"line":191,"column":43},"end":{"line":207,"column":3}},"line":191},"16":{"name":"(anonymous_16)","decl":{"start":{"line":200,"column":28},"end":{"line":200,"column":29}},"loc":{"start":{"line":200,"column":62},"end":{"line":206,"column":5}},"line":200},"17":{"name":"(anonymous_17)","decl":{"start":{"line":218,"column":18},"end":{"line":218,"column":19}},"loc":{"start":{"line":218,"column":63},"end":{"line":243,"column":1}},"line":218},"18":{"name":"(anonymous_18)","decl":{"start":{"line":225,"column":22},"end":{"line":225,"column":23}},"loc":{"start":{"line":225,"column":43},"end":{"line":242,"column":3}},"line":225},"19":{"name":"(anonymous_19)","decl":{"start":{"line":235,"column":27},"end":{"line":235,"column":28}},"loc":{"start":{"line":235,"column":57},"end":{"line":241,"column":5}},"line":235},"20":{"name":"(anonymous_20)","decl":{"start":{"line":252,"column":27},"end":{"line":252,"column":28}},"loc":{"start":{"line":252,"column":60},"end":{"line":279,"column":1}},"line":252},"21":{"name":"(anonymous_21)","decl":{"start":{"line":259,"column":22},"end":{"line":259,"column":23}},"loc":{"start":{"line":259,"column":43},"end":{"line":278,"column":3}},"line":259},"22":{"name":"(anonymous_22)","decl":{"start":{"line":269,"column":32},"end":{"line":269,"column":33}},"loc":{"start":{"line":269,"column":62},"end":{"line":277,"column":5}},"line":269},"23":{"name":"(anonymous_23)","decl":{"start":{"line":281,"column":28},"end":{"line":281,"column":29}},"loc":{"start":{"line":281,"column":62},"end":{"line":308,"column":1}},"line":281},"24":{"name":"(anonymous_24)","decl":{"start":{"line":288,"column":22},"end":{"line":288,"column":23}},"loc":{"start":{"line":288,"column":43},"end":{"line":307,"column":3}},"line":288},"25":{"name":"(anonymous_25)","decl":{"start":{"line":298,"column":34},"end":{"line":298,"column":35}},"loc":{"start":{"line":298,"column":64},"end":{"line":306,"column":5}},"line":298},"26":{"name":"(anonymous_26)","decl":{"start":{"line":310,"column":24},"end":{"line":310,"column":25}},"loc":{"start":{"line":310,"column":58},"end":{"line":337,"column":1}},"line":310},"27":{"name":"(anonymous_27)","decl":{"start":{"line":317,"column":22},"end":{"line":317,"column":23}},"loc":{"start":{"line":317,"column":43},"end":{"line":336,"column":3}},"line":317},"28":{"name":"(anonymous_28)","decl":{"start":{"line":327,"column":34},"end":{"line":327,"column":35}},"loc":{"start":{"line":327,"column":64},"end":{"line":335,"column":5}},"line":327}},"branchMap":{"0":{"loc":{"start":{"line":28,"column":4},"end":{"line":31,"column":5}},"type":"if","locations":[{"start":{"line":28,"column":4},"end":{"line":31,"column":5}},{"start":{"line":28,"column":4},"end":{"line":31,"column":5}}],"line":28},"1":{"loc":{"start":{"line":49,"column":4},"end":{"line":49,"column":22}},"type":"if","locations":[{"start":{"line":49,"column":4},"end":{"line":49,"column":22}},{"start":{"line":49,"column":4},"end":{"line":49,"column":22}}],"line":49},"2":{"loc":{"start":{"line":74,"column":6},"end":{"line":78,"column":7}},"type":"if","locations":[{"start":{"line":74,"column":6},"end":{"line":78,"column":7}},{"start":{"line":74,"column":6},"end":{"line":78,"column":7}}],"line":74},"3":{"loc":{"start":{"line":105,"column":8},"end":{"line":109,"column":9}},"type":"if","locations":[{"start":{"line":105,"column":8},"end":{"line":109,"column":9}},{"start":{"line":105,"column":8},"end":{"line":109,"column":9}}],"line":105},"4":{"loc":{"start":{"line":137,"column":8},"end":{"line":141,"column":9}},"type":"if","locations":[{"start":{"line":137,"column":8},"end":{"line":141,"column":9}},{"start":{"line":137,"column":8},"end":{"line":141,"column":9}}],"line":137},"5":{"loc":{"start":{"line":169,"column":8},"end":{"line":173,"column":9}},"type":"if","locations":[{"start":{"line":169,"column":8},"end":{"line":173,"column":9}},{"start":{"line":169,"column":8},"end":{"line":173,"column":9}}],"line":169},"6":{"loc":{"start":{"line":201,"column":6},"end":{"line":205,"column":7}},"type":"if","locations":[{"start":{"line":201,"column":6},"end":{"line":205,"column":7}},{"start":{"line":201,"column":6},"end":{"line":205,"column":7}}],"line":201},"7":{"loc":{"start":{"line":236,"column":8},"end":{"line":240,"column":9}},"type":"if","locations":[{"start":{"line":236,"column":8},"end":{"line":240,"column":9}},{"start":{"line":236,"column":8},"end":{"line":240,"column":9}}],"line":236},"8":{"loc":{"start":{"line":270,"column":8},"end":{"line":272,"column":9}},"type":"if","locations":[{"start":{"line":270,"column":8},"end":{"line":272,"column":9}},{"start":{"line":270,"column":8},"end":{"line":272,"column":9}}],"line":270},"9":{"loc":{"start":{"line":273,"column":8},"end":{"line":275,"column":9}},"type":"if","locations":[{"start":{"line":273,"column":8},"end":{"line":275,"column":9}},{"start":{"line":273,"column":8},"end":{"line":275,"column":9}}],"line":273},"10":{"loc":{"start":{"line":299,"column":8},"end":{"line":301,"column":9}},"type":"if","locations":[{"start":{"line":299,"column":8},"end":{"line":301,"column":9}},{"start":{"line":299,"column":8},"end":{"line":301,"column":9}}],"line":299},"11":{"loc":{"start":{"line":302,"column":8},"end":{"line":304,"column":9}},"type":"if","locations":[{"start":{"line":302,"column":8},"end":{"line":304,"column":9}},{"start":{"line":302,"column":8},"end":{"line":304,"column":9}}],"line":302},"12":{"loc":{"start":{"line":328,"column":8},"end":{"line":330,"column":9}},"type":"if","locations":[{"start":{"line":328,"column":8},"end":{"line":330,"column":9}},{"start":{"line":328,"column":8},"end":{"line":330,"column":9}}],"line":328},"13":{"loc":{"start":{"line":331,"column":8},"end":{"line":333,"column":9}},"type":"if","locations":[{"start":{"line":331,"column":8},"end":{"line":333,"column":9}},{"start":{"line":331,"column":8},"end":{"line":333,"column":9}}],"line":331}},"s":{"0":1,"1":1,"2":1,"3":1,"4":1,"5":1,"6":0,"7":0,"8":1,"9":1,"10":1,"11":1,"12":0,"13":1,"14":1,"15":1,"16":1,"17":1,"18":0,"19":1,"20":1,"21":0,"22":0,"23":0,"24":0,"25":0,"26":0,"27":1,"28":0,"29":0,"30":0,"31":0,"32":0,"33":0,"34":1,"35":0,"36":0,"37":0,"38":0,"39":0,"40":0,"41":1,"42":0,"43":0,"44":0,"45":0,"46":0,"47":0,"48":1,"49":0,"50":0,"51":0,"52":0,"53":0,"54":0,"55":1,"56":0,"57":0,"58":0,"59":0,"60":0,"61":0,"62":0,"63":0,"64":0,"65":1,"66":0,"67":0,"68":0,"69":0,"70":0,"71":0,"72":0,"73":0,"74":0,"75":1,"76":0,"77":0,"78":0,"79":0,"80":0,"81":0,"82":0,"83":0,"84":0,"85":1},"f":{"0":1,"1":1,"2":1,"3":1,"4":1,"5":0,"6":0,"7":0,"8":0,"9":0,"10":0,"11":0,"12":0,"13":0,"14":0,"15":0,"16":0,"17":0,"18":0,"19":0,"20":0,"21":0,"22":0,"23":0,"24":0,"25":0,"26":0,"27":0,"28":0},"b":{"0":[0,1],"1":[0,1],"2":[0,1],"3":[0,0],"4":[0,0],"5":[0,0],"6":[0,0],"7":[0,0],"8":[0,0],"9":[0,0],"10":[0,0],"11":[0,0],"12":[0,0],"13":[0,0]},"_coverageSchema":"332fd63041d2c1bcb487cc26dd0d5f7d97098a6c","hash":"9e17ea05ae25749ca518a3c4c7e6cba777008c1a"}
,"C:\\ACIT level 2\\Projects\\Wishlister\\steam.js": {"path":"C:\\ACIT level 2\\Projects\\Wishlister\\steam.js","statementMap":{"0":{"start":{"line":9,"column":16},"end":{"line":9,"column":34}},"1":{"start":{"line":17,"column":12},"end":{"line":44,"column":1}},"2":{"start":{"line":23,"column":4},"end":{"line":43,"column":7}},"3":{"start":{"line":24,"column":8},"end":{"line":42,"column":11}},"4":{"start":{"line":28,"column":12},"end":{"line":41,"column":13}},"5":{"start":{"line":29,"column":16},"end":{"line":29,"column":30}},"6":{"start":{"line":32,"column":31},"end":{"line":32,"column":68}},"7":{"start":{"line":34,"column":16},"end":{"line":39,"column":17}},"8":{"start":{"line":35,"column":20},"end":{"line":38,"column":22}},"9":{"start":{"line":40,"column":16},"end":{"line":40,"column":40}},"10":{"start":{"line":52,"column":16},"end":{"line":72,"column":1}},"11":{"start":{"line":58,"column":4},"end":{"line":71,"column":6}},"12":{"start":{"line":59,"column":25},"end":{"line":59,"column":27}},"13":{"start":{"line":61,"column":8},"end":{"line":69,"column":9}},"14":{"start":{"line":62,"column":12},"end":{"line":66,"column":13}},"15":{"start":{"line":63,"column":35},"end":{"line":63,"column":58}},"16":{"start":{"line":65,"column":16},"end":{"line":65,"column":30}},"17":{"start":{"line":68,"column":12},"end":{"line":68,"column":57}},"18":{"start":{"line":70,"column":8},"end":{"line":70,"column":28}},"19":{"start":{"line":80,"column":22},"end":{"line":80,"column":67}},"20":{"start":{"line":81,"column":25},"end":{"line":81,"column":79}},"21":{"start":{"line":82,"column":22},"end":{"line":82,"column":70}},"22":{"start":{"line":83,"column":19},"end":{"line":83,"column":41}},"23":{"start":{"line":84,"column":20},"end":{"line":84,"column":65}},"24":{"start":{"line":85,"column":23},"end":{"line":85,"column":54}},"25":{"start":{"line":86,"column":20},"end":{"line":86,"column":93}},"26":{"start":{"line":87,"column":15},"end":{"line":87,"column":39}},"27":{"start":{"line":88,"column":2},"end":{"line":88,"column":74}},"28":{"start":{"line":97,"column":22},"end":{"line":99,"column":1}},"29":{"start":{"line":98,"column":2},"end":{"line":98,"column":75}},"30":{"start":{"line":101,"column":0},"end":{"line":103,"column":1}}},"fnMap":{"0":{"name":"(anonymous_0)","decl":{"start":{"line":17,"column":12},"end":{"line":17,"column":13}},"loc":{"start":{"line":17,"column":25},"end":{"line":44,"column":1}},"line":17},"1":{"name":"(anonymous_1)","decl":{"start":{"line":23,"column":23},"end":{"line":23,"column":24}},"loc":{"start":{"line":23,"column":44},"end":{"line":43,"column":5}},"line":23},"2":{"name":"(anonymous_2)","decl":{"start":{"line":27,"column":11},"end":{"line":27,"column":12}},"loc":{"start":{"line":27,"column":38},"end":{"line":42,"column":9}},"line":27},"3":{"name":"(anonymous_3)","decl":{"start":{"line":52,"column":16},"end":{"line":52,"column":17}},"loc":{"start":{"line":52,"column":33},"end":{"line":72,"column":1}},"line":52},"4":{"name":"(anonymous_4)","decl":{"start":{"line":58,"column":23},"end":{"line":58,"column":24}},"loc":{"start":{"line":58,"column":49},"end":{"line":71,"column":5}},"line":58},"5":{"name":"process_object","decl":{"start":{"line":79,"column":9},"end":{"line":79,"column":23}},"loc":{"start":{"line":79,"column":38},"end":{"line":89,"column":1}},"line":79},"6":{"name":"(anonymous_6)","decl":{"start":{"line":97,"column":22},"end":{"line":97,"column":23}},"loc":{"start":{"line":97,"column":59},"end":{"line":99,"column":1}},"line":97}},"branchMap":{"0":{"loc":{"start":{"line":28,"column":12},"end":{"line":41,"column":13}},"type":"if","locations":[{"start":{"line":28,"column":12},"end":{"line":41,"column":13}},{"start":{"line":28,"column":12},"end":{"line":41,"column":13}}],"line":28},"1":{"loc":{"start":{"line":34,"column":16},"end":{"line":39,"column":17}},"type":"if","locations":[{"start":{"line":34,"column":16},"end":{"line":39,"column":17}},{"start":{"line":34,"column":16},"end":{"line":39,"column":17}}],"line":34}},"s":{"0":1,"1":1,"2":1,"3":1,"4":1,"5":0,"6":1,"7":1,"8":0,"9":1,"10":1,"11":0,"12":0,"13":0,"14":0,"15":0,"16":0,"17":0,"18":0,"19":1,"20":1,"21":1,"22":1,"23":1,"24":1,"25":1,"26":1,"27":1,"28":1,"29":2,"30":1},"f":{"0":1,"1":1,"2":1,"3":0,"4":0,"5":1,"6":2},"b":{"0":[0,1],"1":[0,1]},"_coverageSchema":"332fd63041d2c1bcb487cc26dd0d5f7d97098a6c","hash":"28e1e9a68cd709c4abc82beec37854e77855c119"}
}
