{"C:\\Users\\tyler\\Documents\\CIT Level 1__5k term and Backup\\Wishlister_On_PC\\Wishlister\\config.js": {"path":"C:\\Users\\tyler\\Documents\\CIT Level 1__5k term and Backup\\Wishlister_On_PC\\Wishlister\\config.js","statementMap":{"0":{"start":{"line":1,"column":12},"end":{"line":1,"column":28}},"1":{"start":{"line":2,"column":17},"end":{"line":8,"column":2}},"2":{"start":{"line":39,"column":0},"end":{"line":41,"column":2}}},"fnMap":{},"branchMap":{},"s":{"0":1,"1":1,"2":1},"f":{},"b":{},"_coverageSchema":"332fd63041d2c1bcb487cc26dd0d5f7d97098a6c","hash":"baeb1a1ccaf7d40c71945ba5bdae1866df6e2bbe"}
,"C:\\Users\\tyler\\Documents\\CIT Level 1__5k term and Backup\\Wishlister_On_PC\\Wishlister\\gog.js": {"path":"C:\\Users\\tyler\\Documents\\CIT Level 1__5k term and Backup\\Wishlister_On_PC\\Wishlister\\gog.js","statementMap":{"0":{"start":{"line":6,"column":16},"end":{"line":6,"column":34}},"1":{"start":{"line":8,"column":14},"end":{"line":23,"column":1}},"2":{"start":{"line":9,"column":2},"end":{"line":22,"column":5}},"3":{"start":{"line":10,"column":4},"end":{"line":21,"column":11}},"4":{"start":{"line":14,"column":8},"end":{"line":20,"column":11}},"5":{"start":{"line":15,"column":12},"end":{"line":15,"column":26}},"6":{"start":{"line":18,"column":27},"end":{"line":18,"column":40}},"7":{"start":{"line":19,"column":12},"end":{"line":19,"column":30}},"8":{"start":{"line":25,"column":23},"end":{"line":34,"column":1}},"9":{"start":{"line":26,"column":17},"end":{"line":26,"column":26}},"10":{"start":{"line":27,"column":2},"end":{"line":31,"column":3}},"11":{"start":{"line":28,"column":4},"end":{"line":30,"column":5}},"12":{"start":{"line":29,"column":6},"end":{"line":29,"column":30}},"13":{"start":{"line":33,"column":2},"end":{"line":33,"column":17}},"14":{"start":{"line":36,"column":19},"end":{"line":41,"column":1}},"15":{"start":{"line":37,"column":2},"end":{"line":40,"column":3}},"16":{"start":{"line":44,"column":1},"end":{"line":46,"column":2}}},"fnMap":{"0":{"name":"(anonymous_0)","decl":{"start":{"line":8,"column":14},"end":{"line":8,"column":15}},"loc":{"start":{"line":8,"column":29},"end":{"line":23,"column":1}},"line":8},"1":{"name":"(anonymous_1)","decl":{"start":{"line":9,"column":21},"end":{"line":9,"column":22}},"loc":{"start":{"line":9,"column":42},"end":{"line":22,"column":3}},"line":9},"2":{"name":"(anonymous_2)","decl":{"start":{"line":13,"column":7},"end":{"line":13,"column":8}},"loc":{"start":{"line":13,"column":34},"end":{"line":21,"column":9}},"line":13},"3":{"name":"(anonymous_3)","decl":{"start":{"line":25,"column":23},"end":{"line":25,"column":24}},"loc":{"start":{"line":25,"column":49},"end":{"line":34,"column":1}},"line":25},"4":{"name":"(anonymous_4)","decl":{"start":{"line":36,"column":19},"end":{"line":36,"column":20}},"loc":{"start":{"line":36,"column":33},"end":{"line":41,"column":1}},"line":36}},"branchMap":{"0":{"loc":{"start":{"line":14,"column":8},"end":{"line":20,"column":11}},"type":"if","locations":[{"start":{"line":14,"column":8},"end":{"line":20,"column":11}},{"start":{"line":14,"column":8},"end":{"line":20,"column":11}}],"line":14},"1":{"loc":{"start":{"line":28,"column":4},"end":{"line":30,"column":5}},"type":"if","locations":[{"start":{"line":28,"column":4},"end":{"line":30,"column":5}},{"start":{"line":28,"column":4},"end":{"line":30,"column":5}}],"line":28}},"s":{"0":1,"1":1,"2":2,"3":2,"4":2,"5":0,"6":2,"7":2,"8":1,"9":1,"10":1,"11":0,"12":0,"13":1,"14":1,"15":0,"16":1},"f":{"0":2,"1":2,"2":2,"3":1,"4":0},"b":{"0":[0,2],"1":[0,0]},"_coverageSchema":"332fd63041d2c1bcb487cc26dd0d5f7d97098a6c","hash":"42650d6f240b92c0e78d040064bb23916bfdd6b6"}
,"C:\\Users\\tyler\\Documents\\CIT Level 1__5k term and Backup\\Wishlister_On_PC\\Wishlister\\server.js": {"path":"C:\\Users\\tyler\\Documents\\CIT Level 1__5k term and Backup\\Wishlister_On_PC\\Wishlister\\server.js","statementMap":{"0":{"start":{"line":1,"column":16},"end":{"line":1,"column":34}},"1":{"start":{"line":2,"column":12},"end":{"line":2,"column":26}},"2":{"start":{"line":3,"column":11},"end":{"line":3,"column":24}},"3":{"start":{"line":4,"column":10},"end":{"line":4,"column":27}},"4":{"start":{"line":5,"column":19},"end":{"line":5,"column":41}},"5":{"start":{"line":6,"column":22},"end":{"line":6,"column":47}},"6":{"start":{"line":7,"column":18},"end":{"line":7,"column":47}},"7":{"start":{"line":8,"column":15},"end":{"line":8,"column":32}},"8":{"start":{"line":9,"column":19},"end":{"line":9,"column":23}},"9":{"start":{"line":10,"column":11},"end":{"line":10,"column":28}},"10":{"start":{"line":15,"column":19},"end":{"line":15,"column":21}},"11":{"start":{"line":18,"column":23},"end":{"line":18,"column":44}},"12":{"start":{"line":21,"column":24},"end":{"line":21,"column":46}},"13":{"start":{"line":24,"column":15},"end":{"line":24,"column":53}},"14":{"start":{"line":25,"column":14},"end":{"line":25,"column":34}},"15":{"start":{"line":26,"column":15},"end":{"line":26,"column":17}},"16":{"start":{"line":27,"column":0},"end":{"line":27,"column":40}},"17":{"start":{"line":28,"column":0},"end":{"line":28,"column":37}},"18":{"start":{"line":31,"column":10},"end":{"line":31,"column":19}},"19":{"start":{"line":33,"column":0},"end":{"line":33,"column":52}},"20":{"start":{"line":34,"column":0},"end":{"line":34,"column":30}},"21":{"start":{"line":35,"column":0},"end":{"line":35,"column":47}},"22":{"start":{"line":36,"column":0},"end":{"line":38,"column":4}},"23":{"start":{"line":39,"column":0},"end":{"line":42,"column":4}},"24":{"start":{"line":45,"column":0},"end":{"line":47,"column":2}},"25":{"start":{"line":46,"column":4},"end":{"line":46,"column":36}},"26":{"start":{"line":49,"column":0},"end":{"line":51,"column":2}},"27":{"start":{"line":50,"column":4},"end":{"line":50,"column":30}},"28":{"start":{"line":54,"column":0},"end":{"line":65,"column":3}},"29":{"start":{"line":55,"column":20},"end":{"line":55,"column":33}},"30":{"start":{"line":56,"column":14},"end":{"line":56,"column":16}},"31":{"start":{"line":57,"column":4},"end":{"line":63,"column":5}},"32":{"start":{"line":58,"column":8},"end":{"line":62,"column":9}},"33":{"start":{"line":59,"column":12},"end":{"line":59,"column":272}},"34":{"start":{"line":61,"column":12},"end":{"line":61,"column":277}},"35":{"start":{"line":64,"column":4},"end":{"line":64,"column":15}},"36":{"start":{"line":68,"column":0},"end":{"line":74,"column":2}},"37":{"start":{"line":69,"column":14},"end":{"line":69,"column":16}},"38":{"start":{"line":70,"column":4},"end":{"line":72,"column":5}},"39":{"start":{"line":71,"column":8},"end":{"line":71,"column":108}},"40":{"start":{"line":73,"column":4},"end":{"line":73,"column":15}},"41":{"start":{"line":82,"column":0},"end":{"line":111,"column":3}},"42":{"start":{"line":84,"column":20},"end":{"line":84,"column":22}},"43":{"start":{"line":85,"column":4},"end":{"line":87,"column":5}},"44":{"start":{"line":86,"column":8},"end":{"line":86,"column":40}},"45":{"start":{"line":89,"column":4},"end":{"line":109,"column":7}},"46":{"start":{"line":91,"column":6},"end":{"line":91,"column":51}},"47":{"start":{"line":95,"column":6},"end":{"line":95,"column":40}},"48":{"start":{"line":96,"column":6},"end":{"line":103,"column":9}},"49":{"start":{"line":107,"column":8},"end":{"line":107,"column":37}},"50":{"start":{"line":114,"column":0},"end":{"line":182,"column":3}},"51":{"start":{"line":115,"column":4},"end":{"line":181,"column":5}},"52":{"start":{"line":116,"column":8},"end":{"line":121,"column":10}},"53":{"start":{"line":123,"column":20},"end":{"line":125,"column":10}},"54":{"start":{"line":124,"column":12},"end":{"line":124,"column":47}},"55":{"start":{"line":127,"column":8},"end":{"line":180,"column":9}},"56":{"start":{"line":128,"column":24},"end":{"line":128,"column":71}},"57":{"start":{"line":129,"column":12},"end":{"line":129,"column":42}},"58":{"start":{"line":131,"column":12},"end":{"line":150,"column":15}},"59":{"start":{"line":132,"column":36},"end":{"line":132,"column":75}},"60":{"start":{"line":133,"column":39},"end":{"line":133,"column":87}},"61":{"start":{"line":134,"column":36},"end":{"line":134,"column":90}},"62":{"start":{"line":136,"column":16},"end":{"line":147,"column":19}},"63":{"start":{"line":149,"column":16},"end":{"line":149,"column":35}},"64":{"start":{"line":154,"column":25},"end":{"line":157,"column":43}},"65":{"start":{"line":158,"column":27},"end":{"line":158,"column":29}},"66":{"start":{"line":159,"column":26},"end":{"line":159,"column":44}},"67":{"start":{"line":161,"column":12},"end":{"line":161,"column":45}},"68":{"start":{"line":162,"column":12},"end":{"line":165,"column":13}},"69":{"start":{"line":163,"column":31},"end":{"line":163,"column":50}},"70":{"start":{"line":164,"column":16},"end":{"line":164,"column":40}},"71":{"start":{"line":167,"column":12},"end":{"line":167,"column":42}},"72":{"start":{"line":169,"column":12},"end":{"line":179,"column":15}},"73":{"start":{"line":185,"column":0},"end":{"line":219,"column":3}},"74":{"start":{"line":186,"column":16},"end":{"line":188,"column":6}},"75":{"start":{"line":187,"column":8},"end":{"line":187,"column":41}},"76":{"start":{"line":190,"column":4},"end":{"line":218,"column":5}},"77":{"start":{"line":191,"column":20},"end":{"line":191,"column":67}},"78":{"start":{"line":192,"column":8},"end":{"line":192,"column":38}},"79":{"start":{"line":194,"column":8},"end":{"line":217,"column":11}},"80":{"start":{"line":196,"column":32},"end":{"line":196,"column":71}},"81":{"start":{"line":197,"column":35},"end":{"line":197,"column":83}},"82":{"start":{"line":198,"column":30},"end":{"line":198,"column":78}},"83":{"start":{"line":200,"column":32},"end":{"line":200,"column":49}},"84":{"start":{"line":202,"column":12},"end":{"line":214,"column":15}},"85":{"start":{"line":216,"column":12},"end":{"line":216,"column":31}},"86":{"start":{"line":223,"column":0},"end":{"line":286,"column":3}},"87":{"start":{"line":224,"column":21},"end":{"line":224,"column":42}},"88":{"start":{"line":225,"column":21},"end":{"line":225,"column":42}},"89":{"start":{"line":226,"column":21},"end":{"line":226,"column":31}},"90":{"start":{"line":230,"column":22},"end":{"line":230,"column":68}},"91":{"start":{"line":232,"column":4},"end":{"line":285,"column":6}},"92":{"start":{"line":233,"column":6},"end":{"line":282,"column":7}},"93":{"start":{"line":234,"column":10},"end":{"line":234,"column":43}},"94":{"start":{"line":235,"column":10},"end":{"line":241,"column":13}},"95":{"start":{"line":243,"column":26},"end":{"line":243,"column":47}},"96":{"start":{"line":245,"column":8},"end":{"line":281,"column":11}},"97":{"start":{"line":246,"column":12},"end":{"line":278,"column":13}},"98":{"start":{"line":248,"column":16},"end":{"line":248,"column":48}},"99":{"start":{"line":249,"column":16},"end":{"line":249,"column":54}},"100":{"start":{"line":250,"column":16},"end":{"line":250,"column":55}},"101":{"start":{"line":254,"column":16},"end":{"line":268,"column":19}},"102":{"start":{"line":255,"column":18},"end":{"line":255,"column":63}},"103":{"start":{"line":257,"column":18},"end":{"line":257,"column":52}},"104":{"start":{"line":258,"column":18},"end":{"line":264,"column":21}},"105":{"start":{"line":267,"column":20},"end":{"line":267,"column":49}},"106":{"start":{"line":271,"column":16},"end":{"line":271,"column":49}},"107":{"start":{"line":272,"column":16},"end":{"line":277,"column":19}},"108":{"start":{"line":280,"column":12},"end":{"line":280,"column":41}},"109":{"start":{"line":284,"column":6},"end":{"line":284,"column":35}},"110":{"start":{"line":289,"column":0},"end":{"line":295,"column":3}},"111":{"start":{"line":290,"column":4},"end":{"line":290,"column":27}},"112":{"start":{"line":291,"column":4},"end":{"line":294,"column":7}},"113":{"start":{"line":298,"column":0},"end":{"line":320,"column":3}},"114":{"start":{"line":299,"column":16},"end":{"line":299,"column":31}},"115":{"start":{"line":300,"column":14},"end":{"line":300,"column":33}},"116":{"start":{"line":302,"column":4},"end":{"line":304,"column":7}},"117":{"start":{"line":303,"column":8},"end":{"line":303,"column":14}},"118":{"start":{"line":306,"column":4},"end":{"line":319,"column":7}},"119":{"start":{"line":307,"column":8},"end":{"line":307,"column":53}},"120":{"start":{"line":309,"column":8},"end":{"line":309,"column":42}},"121":{"start":{"line":310,"column":8},"end":{"line":316,"column":11}},"122":{"start":{"line":318,"column":10},"end":{"line":318,"column":39}},"123":{"start":{"line":323,"column":0},"end":{"line":328,"column":3}},"124":{"start":{"line":324,"column":4},"end":{"line":327,"column":7}},"125":{"start":{"line":331,"column":0},"end":{"line":335,"column":3}},"126":{"start":{"line":332,"column":4},"end":{"line":334,"column":7}},"127":{"start":{"line":338,"column":0},"end":{"line":341,"column":3}},"128":{"start":{"line":339,"column":4},"end":{"line":340,"column":7}},"129":{"start":{"line":346,"column":0},"end":{"line":399,"column":2}},"130":{"start":{"line":347,"column":27},"end":{"line":347,"column":49}},"131":{"start":{"line":348,"column":26},"end":{"line":348,"column":47}},"132":{"start":{"line":349,"column":26},"end":{"line":349,"column":47}},"133":{"start":{"line":350,"column":26},"end":{"line":350,"column":47}},"134":{"start":{"line":351,"column":20},"end":{"line":351,"column":58}},"135":{"start":{"line":352,"column":21},"end":{"line":352,"column":59}},"136":{"start":{"line":353,"column":21},"end":{"line":353,"column":59}},"137":{"start":{"line":354,"column":24},"end":{"line":354,"column":62}},"138":{"start":{"line":355,"column":22},"end":{"line":355,"column":80}},"139":{"start":{"line":356,"column":21},"end":{"line":356,"column":30}},"140":{"start":{"line":357,"column":23},"end":{"line":357,"column":54}},"141":{"start":{"line":358,"column":20},"end":{"line":358,"column":31}},"142":{"start":{"line":359,"column":24},"end":{"line":359,"column":30}},"143":{"start":{"line":360,"column":17},"end":{"line":360,"column":23}},"144":{"start":{"line":362,"column":4},"end":{"line":398,"column":4}},"145":{"start":{"line":363,"column":6},"end":{"line":363,"column":22}},"146":{"start":{"line":365,"column":6},"end":{"line":397,"column":7}},"147":{"start":{"line":366,"column":8},"end":{"line":366,"column":30}},"148":{"start":{"line":368,"column":8},"end":{"line":394,"column":9}},"149":{"start":{"line":369,"column":12},"end":{"line":379,"column":15}},"150":{"start":{"line":382,"column":12},"end":{"line":393,"column":15}},"151":{"start":{"line":383,"column":16},"end":{"line":383,"column":92}},"152":{"start":{"line":385,"column":14},"end":{"line":390,"column":15}},"153":{"start":{"line":386,"column":16},"end":{"line":388,"column":19}},"154":{"start":{"line":392,"column":16},"end":{"line":392,"column":45}},"155":{"start":{"line":396,"column":8},"end":{"line":396,"column":37}},"156":{"start":{"line":402,"column":0},"end":{"line":445,"column":3}},"157":{"start":{"line":405,"column":4},"end":{"line":444,"column":7}},"158":{"start":{"line":406,"column":8},"end":{"line":410,"column":11}},"159":{"start":{"line":411,"column":11},"end":{"line":444,"column":7}},"160":{"start":{"line":413,"column":24},"end":{"line":413,"column":29}},"161":{"start":{"line":415,"column":8},"end":{"line":443,"column":11}},"162":{"start":{"line":417,"column":10},"end":{"line":417,"column":43}},"163":{"start":{"line":419,"column":10},"end":{"line":426,"column":11}},"164":{"start":{"line":421,"column":14},"end":{"line":425,"column":17}},"165":{"start":{"line":424,"column":16},"end":{"line":424,"column":45}},"166":{"start":{"line":428,"column":10},"end":{"line":442,"column":13}},"167":{"start":{"line":429,"column":12},"end":{"line":429,"column":57}},"168":{"start":{"line":431,"column":12},"end":{"line":431,"column":46}},"169":{"start":{"line":432,"column":12},"end":{"line":439,"column":15}},"170":{"start":{"line":441,"column":14},"end":{"line":441,"column":43}},"171":{"start":{"line":451,"column":0},"end":{"line":513,"column":5}},"172":{"start":{"line":453,"column":25},"end":{"line":453,"column":47}},"173":{"start":{"line":454,"column":22},"end":{"line":454,"column":33}},"174":{"start":{"line":455,"column":23},"end":{"line":455,"column":65}},"175":{"start":{"line":456,"column":16},"end":{"line":456,"column":23}},"176":{"start":{"line":457,"column":14},"end":{"line":457,"column":19}},"177":{"start":{"line":459,"column":4},"end":{"line":512,"column":6}},"178":{"start":{"line":461,"column":6},"end":{"line":511,"column":7}},"179":{"start":{"line":464,"column":12},"end":{"line":504,"column":6}},"180":{"start":{"line":465,"column":16},"end":{"line":465,"column":36}},"181":{"start":{"line":468,"column":24},"end":{"line":468,"column":81}},"182":{"start":{"line":469,"column":26},"end":{"line":469,"column":44}},"183":{"start":{"line":470,"column":14},"end":{"line":470,"column":44}},"184":{"start":{"line":471,"column":14},"end":{"line":471,"column":90}},"185":{"start":{"line":471,"column":54},"end":{"line":471,"column":78}},"186":{"start":{"line":475,"column":23},"end":{"line":475,"column":44}},"187":{"start":{"line":476,"column":24},"end":{"line":482,"column":8}},"188":{"start":{"line":483,"column":24},"end":{"line":488,"column":7}},"189":{"start":{"line":490,"column":6},"end":{"line":503,"column":9}},"190":{"start":{"line":491,"column":8},"end":{"line":502,"column":9}},"191":{"start":{"line":492,"column":10},"end":{"line":492,"column":29}},"192":{"start":{"line":494,"column":10},"end":{"line":501,"column":13}},"193":{"start":{"line":507,"column":12},"end":{"line":510,"column":15}},"194":{"start":{"line":516,"column":0},"end":{"line":519,"column":3}},"195":{"start":{"line":517,"column":4},"end":{"line":517,"column":25}},"196":{"start":{"line":518,"column":4},"end":{"line":518,"column":31}},"197":{"start":{"line":522,"column":0},"end":{"line":524,"column":3}},"198":{"start":{"line":523,"column":4},"end":{"line":523,"column":58}},"199":{"start":{"line":527,"column":18},"end":{"line":531,"column":1}},"200":{"start":{"line":528,"column":4},"end":{"line":528,"column":26}},"201":{"start":{"line":529,"column":4},"end":{"line":529,"column":25}},"202":{"start":{"line":530,"column":4},"end":{"line":530,"column":31}},"203":{"start":{"line":533,"column":28},"end":{"line":535,"column":1}},"204":{"start":{"line":534,"column":2},"end":{"line":534,"column":38}},"205":{"start":{"line":537,"column":28},"end":{"line":539,"column":1}},"206":{"start":{"line":538,"column":2},"end":{"line":538,"column":45}},"207":{"start":{"line":541,"column":28},"end":{"line":543,"column":1}},"208":{"start":{"line":542,"column":2},"end":{"line":542,"column":36}},"209":{"start":{"line":545,"column":28},"end":{"line":547,"column":1}},"210":{"start":{"line":546,"column":2},"end":{"line":546,"column":44}},"211":{"start":{"line":549,"column":31},"end":{"line":551,"column":1}},"212":{"start":{"line":550,"column":2},"end":{"line":550,"column":34}},"213":{"start":{"line":553,"column":29},"end":{"line":555,"column":1}},"214":{"start":{"line":554,"column":2},"end":{"line":554,"column":48}},"215":{"start":{"line":557,"column":22},"end":{"line":559,"column":1}},"216":{"start":{"line":558,"column":2},"end":{"line":558,"column":86}},"217":{"start":{"line":561,"column":20},"end":{"line":567,"column":1}},"218":{"start":{"line":562,"column":2},"end":{"line":562,"column":28}},"219":{"start":{"line":563,"column":2},"end":{"line":565,"column":3}},"220":{"start":{"line":564,"column":4},"end":{"line":564,"column":22}},"221":{"start":{"line":566,"column":2},"end":{"line":566,"column":22}},"222":{"start":{"line":571,"column":20},"end":{"line":575,"column":1}},"223":{"start":{"line":572,"column":14},"end":{"line":572,"column":166}},"224":{"start":{"line":573,"column":2},"end":{"line":573,"column":29}},"225":{"start":{"line":574,"column":2},"end":{"line":574,"column":15}}},"fnMap":{"0":{"name":"(anonymous_0)","decl":{"start":{"line":45,"column":37},"end":{"line":45,"column":38}},"loc":{"start":{"line":45,"column":43},"end":{"line":47,"column":1}},"line":45},"1":{"name":"(anonymous_1)","decl":{"start":{"line":49,"column":30},"end":{"line":49,"column":31}},"loc":{"start":{"line":49,"column":40},"end":{"line":51,"column":1}},"line":49},"2":{"name":"(anonymous_2)","decl":{"start":{"line":54,"column":27},"end":{"line":54,"column":28}},"loc":{"start":{"line":54,"column":37},"end":{"line":65,"column":1}},"line":54},"3":{"name":"(anonymous_3)","decl":{"start":{"line":68,"column":36},"end":{"line":68,"column":37}},"loc":{"start":{"line":68,"column":46},"end":{"line":74,"column":1}},"line":68},"4":{"name":"(anonymous_4)","decl":{"start":{"line":82,"column":13},"end":{"line":82,"column":14}},"loc":{"start":{"line":82,"column":36},"end":{"line":111,"column":1}},"line":82},"5":{"name":"(anonymous_5)","decl":{"start":{"line":89,"column":51},"end":{"line":89,"column":52}},"loc":{"start":{"line":89,"column":68},"end":{"line":93,"column":5}},"line":89},"6":{"name":"(anonymous_6)","decl":{"start":{"line":93,"column":12},"end":{"line":93,"column":13}},"loc":{"start":{"line":93,"column":24},"end":{"line":105,"column":5}},"line":93},"7":{"name":"(anonymous_7)","decl":{"start":{"line":105,"column":13},"end":{"line":105,"column":14}},"loc":{"start":{"line":105,"column":24},"end":{"line":109,"column":5}},"line":105},"8":{"name":"(anonymous_8)","decl":{"start":{"line":114,"column":14},"end":{"line":114,"column":15}},"loc":{"start":{"line":114,"column":37},"end":{"line":182,"column":1}},"line":114},"9":{"name":"(anonymous_9)","decl":{"start":{"line":123,"column":57},"end":{"line":123,"column":58}},"loc":{"start":{"line":123,"column":69},"end":{"line":125,"column":9}},"line":123},"10":{"name":"(anonymous_10)","decl":{"start":{"line":131,"column":45},"end":{"line":131,"column":46}},"loc":{"start":{"line":131,"column":57},"end":{"line":148,"column":13}},"line":131},"11":{"name":"(anonymous_11)","decl":{"start":{"line":148,"column":21},"end":{"line":148,"column":22}},"loc":{"start":{"line":148,"column":32},"end":{"line":150,"column":13}},"line":148},"12":{"name":"(anonymous_12)","decl":{"start":{"line":185,"column":25},"end":{"line":185,"column":26}},"loc":{"start":{"line":185,"column":48},"end":{"line":219,"column":1}},"line":185},"13":{"name":"(anonymous_13)","decl":{"start":{"line":186,"column":53},"end":{"line":186,"column":54}},"loc":{"start":{"line":186,"column":65},"end":{"line":188,"column":5}},"line":186},"14":{"name":"(anonymous_14)","decl":{"start":{"line":194,"column":41},"end":{"line":194,"column":42}},"loc":{"start":{"line":194,"column":53},"end":{"line":215,"column":9}},"line":194},"15":{"name":"(anonymous_15)","decl":{"start":{"line":215,"column":17},"end":{"line":215,"column":18}},"loc":{"start":{"line":215,"column":28},"end":{"line":217,"column":9}},"line":215},"16":{"name":"(anonymous_16)","decl":{"start":{"line":223,"column":23},"end":{"line":223,"column":24}},"loc":{"start":{"line":223,"column":46},"end":{"line":286,"column":1}},"line":223},"17":{"name":"(anonymous_17)","decl":{"start":{"line":232,"column":55},"end":{"line":232,"column":56}},"loc":{"start":{"line":232,"column":67},"end":{"line":283,"column":5}},"line":232},"18":{"name":"(anonymous_18)","decl":{"start":{"line":245,"column":53},"end":{"line":245,"column":54}},"loc":{"start":{"line":245,"column":77},"end":{"line":279,"column":9}},"line":245},"19":{"name":"(anonymous_19)","decl":{"start":{"line":254,"column":73},"end":{"line":254,"column":74}},"loc":{"start":{"line":254,"column":90},"end":{"line":256,"column":17}},"line":254},"20":{"name":"(anonymous_20)","decl":{"start":{"line":256,"column":24},"end":{"line":256,"column":25}},"loc":{"start":{"line":256,"column":36},"end":{"line":266,"column":17}},"line":256},"21":{"name":"(anonymous_21)","decl":{"start":{"line":266,"column":25},"end":{"line":266,"column":26}},"loc":{"start":{"line":266,"column":36},"end":{"line":268,"column":17}},"line":266},"22":{"name":"(anonymous_22)","decl":{"start":{"line":279,"column":17},"end":{"line":279,"column":18}},"loc":{"start":{"line":279,"column":28},"end":{"line":281,"column":9}},"line":279},"23":{"name":"(anonymous_23)","decl":{"start":{"line":283,"column":13},"end":{"line":283,"column":14}},"loc":{"start":{"line":283,"column":24},"end":{"line":285,"column":5}},"line":283},"24":{"name":"(anonymous_24)","decl":{"start":{"line":289,"column":19},"end":{"line":289,"column":20}},"loc":{"start":{"line":289,"column":42},"end":{"line":295,"column":1}},"line":289},"25":{"name":"(anonymous_25)","decl":{"start":{"line":298,"column":31},"end":{"line":298,"column":32}},"loc":{"start":{"line":298,"column":54},"end":{"line":320,"column":1}},"line":298},"26":{"name":"(anonymous_26)","decl":{"start":{"line":302,"column":58},"end":{"line":302,"column":59}},"loc":{"start":{"line":302,"column":70},"end":{"line":304,"column":5}},"line":302},"27":{"name":"(anonymous_27)","decl":{"start":{"line":306,"column":45},"end":{"line":306,"column":46}},"loc":{"start":{"line":306,"column":62},"end":{"line":308,"column":5}},"line":306},"28":{"name":"(anonymous_28)","decl":{"start":{"line":308,"column":12},"end":{"line":308,"column":13}},"loc":{"start":{"line":308,"column":24},"end":{"line":317,"column":5}},"line":308},"29":{"name":"(anonymous_29)","decl":{"start":{"line":317,"column":13},"end":{"line":317,"column":14}},"loc":{"start":{"line":317,"column":24},"end":{"line":319,"column":5}},"line":317},"30":{"name":"(anonymous_30)","decl":{"start":{"line":323,"column":22},"end":{"line":323,"column":23}},"loc":{"start":{"line":323,"column":45},"end":{"line":328,"column":1}},"line":323},"31":{"name":"(anonymous_31)","decl":{"start":{"line":331,"column":28},"end":{"line":331,"column":29}},"loc":{"start":{"line":331,"column":51},"end":{"line":335,"column":1}},"line":331},"32":{"name":"(anonymous_32)","decl":{"start":{"line":338,"column":34},"end":{"line":338,"column":35}},"loc":{"start":{"line":338,"column":57},"end":{"line":341,"column":1}},"line":338},"33":{"name":"(anonymous_33)","decl":{"start":{"line":346,"column":24},"end":{"line":346,"column":25}},"loc":{"start":{"line":346,"column":47},"end":{"line":399,"column":1}},"line":346},"34":{"name":"(anonymous_34)","decl":{"start":{"line":362,"column":75},"end":{"line":362,"column":76}},"loc":{"start":{"line":362,"column":87},"end":{"line":398,"column":3}},"line":362},"35":{"name":"(anonymous_35)","decl":{"start":{"line":365,"column":78},"end":{"line":365,"column":79}},"loc":{"start":{"line":365,"column":90},"end":{"line":395,"column":5}},"line":365},"36":{"name":"(anonymous_36)","decl":{"start":{"line":382,"column":58},"end":{"line":382,"column":59}},"loc":{"start":{"line":382,"column":68},"end":{"line":384,"column":13}},"line":382},"37":{"name":"(anonymous_37)","decl":{"start":{"line":384,"column":20},"end":{"line":384,"column":21}},"loc":{"start":{"line":384,"column":30},"end":{"line":391,"column":13}},"line":384},"38":{"name":"(anonymous_38)","decl":{"start":{"line":391,"column":21},"end":{"line":391,"column":22}},"loc":{"start":{"line":391,"column":32},"end":{"line":393,"column":13}},"line":391},"39":{"name":"(anonymous_39)","decl":{"start":{"line":395,"column":13},"end":{"line":395,"column":14}},"loc":{"start":{"line":395,"column":24},"end":{"line":397,"column":5}},"line":395},"40":{"name":"(anonymous_40)","decl":{"start":{"line":402,"column":27},"end":{"line":402,"column":28}},"loc":{"start":{"line":402,"column":50},"end":{"line":445,"column":1}},"line":402},"41":{"name":"(anonymous_41)","decl":{"start":{"line":415,"column":99},"end":{"line":415,"column":100}},"loc":{"start":{"line":415,"column":111},"end":{"line":443,"column":9}},"line":415},"42":{"name":"(anonymous_42)","decl":{"start":{"line":421,"column":95},"end":{"line":421,"column":96}},"loc":{"start":{"line":421,"column":107},"end":{"line":423,"column":15}},"line":421},"43":{"name":"(anonymous_43)","decl":{"start":{"line":423,"column":23},"end":{"line":423,"column":24}},"loc":{"start":{"line":423,"column":34},"end":{"line":425,"column":15}},"line":423},"44":{"name":"(anonymous_44)","decl":{"start":{"line":428,"column":67},"end":{"line":428,"column":68}},"loc":{"start":{"line":428,"column":84},"end":{"line":430,"column":11}},"line":428},"45":{"name":"(anonymous_45)","decl":{"start":{"line":430,"column":18},"end":{"line":430,"column":19}},"loc":{"start":{"line":430,"column":30},"end":{"line":440,"column":11}},"line":430},"46":{"name":"(anonymous_46)","decl":{"start":{"line":440,"column":19},"end":{"line":440,"column":20}},"loc":{"start":{"line":440,"column":30},"end":{"line":442,"column":11}},"line":440},"47":{"name":"(anonymous_47)","decl":{"start":{"line":451,"column":30},"end":{"line":451,"column":31}},"loc":{"start":{"line":451,"column":53},"end":{"line":513,"column":3}},"line":451},"48":{"name":"(anonymous_48)","decl":{"start":{"line":459,"column":76},"end":{"line":459,"column":77}},"loc":{"start":{"line":459,"column":88},"end":{"line":512,"column":5}},"line":459},"49":{"name":"(anonymous_49)","decl":{"start":{"line":464,"column":68},"end":{"line":464,"column":69}},"loc":{"start":{"line":464,"column":86},"end":{"line":466,"column":13}},"line":464},"50":{"name":"(anonymous_50)","decl":{"start":{"line":466,"column":20},"end":{"line":466,"column":21}},"loc":{"start":{"line":466,"column":29},"end":{"line":504,"column":5}},"line":466},"51":{"name":"(anonymous_51)","decl":{"start":{"line":471,"column":43},"end":{"line":471,"column":44}},"loc":{"start":{"line":471,"column":53},"end":{"line":471,"column":79}},"line":471},"52":{"name":"(anonymous_52)","decl":{"start":{"line":490,"column":40},"end":{"line":490,"column":41}},"loc":{"start":{"line":490,"column":61},"end":{"line":503,"column":7}},"line":490},"53":{"name":"(anonymous_53)","decl":{"start":{"line":516,"column":8},"end":{"line":516,"column":9}},"loc":{"start":{"line":516,"column":31},"end":{"line":519,"column":1}},"line":516},"54":{"name":"(anonymous_54)","decl":{"start":{"line":522,"column":17},"end":{"line":522,"column":18}},"loc":{"start":{"line":522,"column":23},"end":{"line":524,"column":1}},"line":522},"55":{"name":"(anonymous_55)","decl":{"start":{"line":527,"column":18},"end":{"line":527,"column":19}},"loc":{"start":{"line":527,"column":42},"end":{"line":531,"column":1}},"line":527},"56":{"name":"(anonymous_56)","decl":{"start":{"line":533,"column":28},"end":{"line":533,"column":29}},"loc":{"start":{"line":533,"column":49},"end":{"line":535,"column":1}},"line":533},"57":{"name":"(anonymous_57)","decl":{"start":{"line":537,"column":28},"end":{"line":537,"column":29}},"loc":{"start":{"line":537,"column":49},"end":{"line":539,"column":1}},"line":537},"58":{"name":"(anonymous_58)","decl":{"start":{"line":541,"column":28},"end":{"line":541,"column":29}},"loc":{"start":{"line":541,"column":49},"end":{"line":543,"column":1}},"line":541},"59":{"name":"(anonymous_59)","decl":{"start":{"line":545,"column":28},"end":{"line":545,"column":29}},"loc":{"start":{"line":545,"column":49},"end":{"line":547,"column":1}},"line":545},"60":{"name":"(anonymous_60)","decl":{"start":{"line":549,"column":31},"end":{"line":549,"column":32}},"loc":{"start":{"line":549,"column":59},"end":{"line":551,"column":1}},"line":549},"61":{"name":"(anonymous_61)","decl":{"start":{"line":553,"column":29},"end":{"line":553,"column":30}},"loc":{"start":{"line":553,"column":57},"end":{"line":555,"column":1}},"line":553},"62":{"name":"(anonymous_62)","decl":{"start":{"line":557,"column":22},"end":{"line":557,"column":23}},"loc":{"start":{"line":557,"column":59},"end":{"line":559,"column":1}},"line":557},"63":{"name":"(anonymous_63)","decl":{"start":{"line":561,"column":20},"end":{"line":561,"column":21}},"loc":{"start":{"line":561,"column":36},"end":{"line":567,"column":1}},"line":561},"64":{"name":"(anonymous_64)","decl":{"start":{"line":571,"column":20},"end":{"line":571,"column":21}},"loc":{"start":{"line":571,"column":31},"end":{"line":575,"column":1}},"line":571}},"branchMap":{"0":{"loc":{"start":{"line":58,"column":8},"end":{"line":62,"column":9}},"type":"if","locations":[{"start":{"line":58,"column":8},"end":{"line":62,"column":9}},{"start":{"line":58,"column":8},"end":{"line":62,"column":9}}],"line":58},"1":{"loc":{"start":{"line":85,"column":4},"end":{"line":87,"column":5}},"type":"if","locations":[{"start":{"line":85,"column":4},"end":{"line":87,"column":5}},{"start":{"line":85,"column":4},"end":{"line":87,"column":5}}],"line":85},"2":{"loc":{"start":{"line":115,"column":4},"end":{"line":181,"column":5}},"type":"if","locations":[{"start":{"line":115,"column":4},"end":{"line":181,"column":5}},{"start":{"line":115,"column":4},"end":{"line":181,"column":5}}],"line":115},"3":{"loc":{"start":{"line":127,"column":8},"end":{"line":180,"column":9}},"type":"if","locations":[{"start":{"line":127,"column":8},"end":{"line":180,"column":9}},{"start":{"line":127,"column":8},"end":{"line":180,"column":9}}],"line":127},"4":{"loc":{"start":{"line":190,"column":4},"end":{"line":218,"column":5}},"type":"if","locations":[{"start":{"line":190,"column":4},"end":{"line":218,"column":5}},{"start":{"line":190,"column":4},"end":{"line":218,"column":5}}],"line":190},"5":{"loc":{"start":{"line":233,"column":6},"end":{"line":282,"column":7}},"type":"if","locations":[{"start":{"line":233,"column":6},"end":{"line":282,"column":7}},{"start":{"line":233,"column":6},"end":{"line":282,"column":7}}],"line":233},"6":{"loc":{"start":{"line":246,"column":12},"end":{"line":278,"column":13}},"type":"if","locations":[{"start":{"line":246,"column":12},"end":{"line":278,"column":13}},{"start":{"line":246,"column":12},"end":{"line":278,"column":13}}],"line":246},"7":{"loc":{"start":{"line":368,"column":8},"end":{"line":394,"column":9}},"type":"if","locations":[{"start":{"line":368,"column":8},"end":{"line":394,"column":9}},{"start":{"line":368,"column":8},"end":{"line":394,"column":9}}],"line":368},"8":{"loc":{"start":{"line":368,"column":12},"end":{"line":368,"column":137}},"type":"binary-expr","locations":[{"start":{"line":368,"column":12},"end":{"line":368,"column":21}},{"start":{"line":368,"column":25},"end":{"line":368,"column":34}},{"start":{"line":368,"column":38},"end":{"line":368,"column":48}},{"start":{"line":368,"column":52},"end":{"line":368,"column":62}},{"start":{"line":368,"column":66},"end":{"line":368,"column":79}},{"start":{"line":368,"column":83},"end":{"line":368,"column":94}},{"start":{"line":368,"column":98},"end":{"line":368,"column":104}},{"start":{"line":368,"column":108},"end":{"line":368,"column":120}},{"start":{"line":368,"column":124},"end":{"line":368,"column":137}}],"line":368},"9":{"loc":{"start":{"line":385,"column":14},"end":{"line":390,"column":15}},"type":"if","locations":[{"start":{"line":385,"column":14},"end":{"line":390,"column":15}},{"start":{"line":385,"column":14},"end":{"line":390,"column":15}}],"line":385},"10":{"loc":{"start":{"line":405,"column":4},"end":{"line":444,"column":7}},"type":"if","locations":[{"start":{"line":405,"column":4},"end":{"line":444,"column":7}},{"start":{"line":405,"column":4},"end":{"line":444,"column":7}}],"line":405},"11":{"loc":{"start":{"line":411,"column":11},"end":{"line":444,"column":7}},"type":"if","locations":[{"start":{"line":411,"column":11},"end":{"line":444,"column":7}},{"start":{"line":411,"column":11},"end":{"line":444,"column":7}}],"line":411},"12":{"loc":{"start":{"line":419,"column":10},"end":{"line":426,"column":11}},"type":"if","locations":[{"start":{"line":419,"column":10},"end":{"line":426,"column":11}},{"start":{"line":419,"column":10},"end":{"line":426,"column":11}}],"line":419},"13":{"loc":{"start":{"line":461,"column":6},"end":{"line":511,"column":7}},"type":"if","locations":[{"start":{"line":461,"column":6},"end":{"line":511,"column":7}},{"start":{"line":461,"column":6},"end":{"line":511,"column":7}}],"line":461},"14":{"loc":{"start":{"line":491,"column":8},"end":{"line":502,"column":9}},"type":"if","locations":[{"start":{"line":491,"column":8},"end":{"line":502,"column":9}},{"start":{"line":491,"column":8},"end":{"line":502,"column":9}}],"line":491},"15":{"loc":{"start":{"line":554,"column":10},"end":{"line":554,"column":46}},"type":"binary-expr","locations":[{"start":{"line":554,"column":10},"end":{"line":554,"column":26}},{"start":{"line":554,"column":30},"end":{"line":554,"column":46}}],"line":554},"16":{"loc":{"start":{"line":563,"column":2},"end":{"line":565,"column":3}},"type":"if","locations":[{"start":{"line":563,"column":2},"end":{"line":565,"column":3}},{"start":{"line":563,"column":2},"end":{"line":565,"column":3}}],"line":563}},"s":{"0":1,"1":1,"2":1,"3":1,"4":1,"5":1,"6":1,"7":1,"8":1,"9":1,"10":1,"11":1,"12":1,"13":1,"14":1,"15":1,"16":1,"17":1,"18":1,"19":1,"20":1,"21":1,"22":1,"23":1,"24":1,"25":0,"26":1,"27":0,"28":1,"29":0,"30":0,"31":0,"32":0,"33":0,"34":0,"35":0,"36":1,"37":0,"38":0,"39":0,"40":0,"41":1,"42":0,"43":0,"44":0,"45":0,"46":0,"47":0,"48":0,"49":0,"50":1,"51":0,"52":0,"53":0,"54":0,"55":0,"56":0,"57":0,"58":0,"59":0,"60":0,"61":0,"62":0,"63":0,"64":0,"65":0,"66":0,"67":0,"68":0,"69":0,"70":0,"71":0,"72":0,"73":1,"74":0,"75":0,"76":0,"77":0,"78":0,"79":0,"80":0,"81":0,"82":0,"83":0,"84":0,"85":0,"86":1,"87":0,"88":0,"89":0,"90":0,"91":0,"92":0,"93":0,"94":0,"95":0,"96":0,"97":0,"98":0,"99":0,"100":0,"101":0,"102":0,"103":0,"104":0,"105":0,"106":0,"107":0,"108":0,"109":0,"110":1,"111":0,"112":0,"113":1,"114":0,"115":0,"116":0,"117":0,"118":0,"119":0,"120":0,"121":0,"122":0,"123":1,"124":0,"125":1,"126":0,"127":1,"128":0,"129":1,"130":0,"131":0,"132":0,"133":0,"134":0,"135":0,"136":0,"137":0,"138":0,"139":0,"140":0,"141":0,"142":0,"143":0,"144":0,"145":0,"146":0,"147":0,"148":0,"149":0,"150":0,"151":0,"152":0,"153":0,"154":0,"155":0,"156":1,"157":0,"158":0,"159":0,"160":0,"161":0,"162":0,"163":0,"164":0,"165":0,"166":0,"167":0,"168":0,"169":0,"170":0,"171":1,"172":0,"173":0,"174":0,"175":0,"176":0,"177":0,"178":0,"179":0,"180":0,"181":0,"182":0,"183":0,"184":0,"185":0,"186":0,"187":0,"188":0,"189":0,"190":0,"191":0,"192":0,"193":0,"194":1,"195":0,"196":0,"197":1,"198":1,"199":1,"200":0,"201":0,"202":0,"203":1,"204":0,"205":1,"206":0,"207":1,"208":0,"209":1,"210":0,"211":1,"212":0,"213":1,"214":0,"215":1,"216":0,"217":1,"218":0,"219":0,"220":0,"221":0,"222":1,"223":0,"224":0,"225":0},"f":{"0":0,"1":0,"2":0,"3":0,"4":0,"5":0,"6":0,"7":0,"8":0,"9":0,"10":0,"11":0,"12":0,"13":0,"14":0,"15":0,"16":0,"17":0,"18":0,"19":0,"20":0,"21":0,"22":0,"23":0,"24":0,"25":0,"26":0,"27":0,"28":0,"29":0,"30":0,"31":0,"32":0,"33":0,"34":0,"35":0,"36":0,"37":0,"38":0,"39":0,"40":0,"41":0,"42":0,"43":0,"44":0,"45":0,"46":0,"47":0,"48":0,"49":0,"50":0,"51":0,"52":0,"53":0,"54":1,"55":0,"56":0,"57":0,"58":0,"59":0,"60":0,"61":0,"62":0,"63":0,"64":0},"b":{"0":[0,0],"1":[0,0],"2":[0,0],"3":[0,0],"4":[0,0],"5":[0,0],"6":[0,0],"7":[0,0],"8":[0,0,0,0,0,0,0,0,0],"9":[0,0],"10":[0,0],"11":[0,0],"12":[0,0],"13":[0,0],"14":[0,0],"15":[0,0],"16":[0,0]},"_coverageSchema":"332fd63041d2c1bcb487cc26dd0d5f7d97098a6c","hash":"607e1e123c2690c84a809527f9fc656aec62851e"}
,"C:\\Users\\tyler\\Documents\\CIT Level 1__5k term and Backup\\Wishlister_On_PC\\Wishlister\\sql_db.js": {"path":"C:\\Users\\tyler\\Documents\\CIT Level 1__5k term and Backup\\Wishlister_On_PC\\Wishlister\\sql_db.js","statementMap":{"0":{"start":{"line":9,"column":16},"end":{"line":9,"column":34}},"1":{"start":{"line":14,"column":15},"end":{"line":14,"column":37}},"2":{"start":{"line":15,"column":12},"end":{"line":15,"column":24}},"3":{"start":{"line":21,"column":17},"end":{"line":21,"column":34}},"4":{"start":{"line":27,"column":0},"end":{"line":34,"column":3}},"5":{"start":{"line":28,"column":4},"end":{"line":31,"column":5}},"6":{"start":{"line":29,"column":8},"end":{"line":29,"column":66}},"7":{"start":{"line":30,"column":8},"end":{"line":30,"column":15}},"8":{"start":{"line":33,"column":4},"end":{"line":33,"column":73}},"9":{"start":{"line":39,"column":10},"end":{"line":39,"column":31}},"10":{"start":{"line":48,"column":0},"end":{"line":50,"column":3}},"11":{"start":{"line":49,"column":4},"end":{"line":49,"column":22}},"12":{"start":{"line":49,"column":13},"end":{"line":49,"column":22}},"13":{"start":{"line":58,"column":21},"end":{"line":81,"column":1}},"14":{"start":{"line":64,"column":2},"end":{"line":80,"column":5}},"15":{"start":{"line":66,"column":16},"end":{"line":66,"column":65}},"16":{"start":{"line":73,"column":4},"end":{"line":79,"column":7}},"17":{"start":{"line":74,"column":6},"end":{"line":78,"column":7}},"18":{"start":{"line":75,"column":8},"end":{"line":75,"column":20}},"19":{"start":{"line":77,"column":8},"end":{"line":77,"column":29}},"20":{"start":{"line":90,"column":32},"end":{"line":112,"column":1}},"21":{"start":{"line":96,"column":2},"end":{"line":111,"column":5}},"22":{"start":{"line":97,"column":19},"end":{"line":97,"column":83}},"23":{"start":{"line":104,"column":4},"end":{"line":110,"column":7}},"24":{"start":{"line":105,"column":8},"end":{"line":109,"column":9}},"25":{"start":{"line":106,"column":10},"end":{"line":106,"column":22}},"26":{"start":{"line":108,"column":10},"end":{"line":108,"column":26}},"27":{"start":{"line":121,"column":22},"end":{"line":144,"column":1}},"28":{"start":{"line":127,"column":2},"end":{"line":143,"column":5}},"29":{"start":{"line":129,"column":19},"end":{"line":129,"column":80}},"30":{"start":{"line":136,"column":4},"end":{"line":142,"column":7}},"31":{"start":{"line":137,"column":8},"end":{"line":141,"column":9}},"32":{"start":{"line":138,"column":10},"end":{"line":138,"column":22}},"33":{"start":{"line":140,"column":10},"end":{"line":140,"column":26}},"34":{"start":{"line":153,"column":27},"end":{"line":176,"column":1}},"35":{"start":{"line":159,"column":2},"end":{"line":175,"column":5}},"36":{"start":{"line":161,"column":22},"end":{"line":161,"column":82}},"37":{"start":{"line":168,"column":4},"end":{"line":174,"column":7}},"38":{"start":{"line":169,"column":8},"end":{"line":173,"column":9}},"39":{"start":{"line":170,"column":10},"end":{"line":170,"column":22}},"40":{"start":{"line":172,"column":10},"end":{"line":172,"column":26}},"41":{"start":{"line":184,"column":24},"end":{"line":208,"column":1}},"42":{"start":{"line":191,"column":2},"end":{"line":207,"column":5}},"43":{"start":{"line":192,"column":16},"end":{"line":192,"column":70}},"44":{"start":{"line":200,"column":4},"end":{"line":206,"column":7}},"45":{"start":{"line":201,"column":6},"end":{"line":205,"column":7}},"46":{"start":{"line":202,"column":8},"end":{"line":202,"column":20}},"47":{"start":{"line":204,"column":8},"end":{"line":204,"column":29}},"48":{"start":{"line":218,"column":18},"end":{"line":243,"column":1}},"49":{"start":{"line":225,"column":2},"end":{"line":242,"column":5}},"50":{"start":{"line":226,"column":15},"end":{"line":226,"column":138}},"51":{"start":{"line":235,"column":4},"end":{"line":241,"column":7}},"52":{"start":{"line":236,"column":8},"end":{"line":240,"column":9}},"53":{"start":{"line":237,"column":10},"end":{"line":237,"column":22}},"54":{"start":{"line":239,"column":10},"end":{"line":239,"column":24}},"55":{"start":{"line":252,"column":27},"end":{"line":279,"column":1}},"56":{"start":{"line":259,"column":2},"end":{"line":278,"column":4}},"57":{"start":{"line":260,"column":20},"end":{"line":260,"column":103}},"58":{"start":{"line":261,"column":22},"end":{"line":261,"column":27}},"59":{"start":{"line":269,"column":4},"end":{"line":277,"column":7}},"60":{"start":{"line":270,"column":8},"end":{"line":272,"column":9}},"61":{"start":{"line":271,"column":12},"end":{"line":271,"column":24}},"62":{"start":{"line":273,"column":8},"end":{"line":275,"column":9}},"63":{"start":{"line":274,"column":12},"end":{"line":274,"column":31}},"64":{"start":{"line":276,"column":8},"end":{"line":276,"column":29}},"65":{"start":{"line":281,"column":28},"end":{"line":311,"column":1}},"66":{"start":{"line":288,"column":2},"end":{"line":310,"column":4}},"67":{"start":{"line":289,"column":22},"end":{"line":289,"column":102}},"68":{"start":{"line":290,"column":22},"end":{"line":290,"column":27}},"69":{"start":{"line":298,"column":4},"end":{"line":309,"column":7}},"70":{"start":{"line":299,"column":8},"end":{"line":301,"column":9}},"71":{"start":{"line":300,"column":12},"end":{"line":300,"column":24}},"72":{"start":{"line":303,"column":8},"end":{"line":306,"column":9}},"73":{"start":{"line":304,"column":12},"end":{"line":304,"column":31}},"74":{"start":{"line":308,"column":8},"end":{"line":308,"column":29}},"75":{"start":{"line":313,"column":25},"end":{"line":340,"column":1}},"76":{"start":{"line":320,"column":2},"end":{"line":339,"column":4}},"77":{"start":{"line":321,"column":22},"end":{"line":321,"column":79}},"78":{"start":{"line":322,"column":22},"end":{"line":322,"column":46}},"79":{"start":{"line":330,"column":4},"end":{"line":338,"column":7}},"80":{"start":{"line":331,"column":8},"end":{"line":333,"column":9}},"81":{"start":{"line":332,"column":12},"end":{"line":332,"column":24}},"82":{"start":{"line":336,"column":8},"end":{"line":336,"column":39}},"83":{"start":{"line":337,"column":8},"end":{"line":337,"column":29}},"84":{"start":{"line":342,"column":0},"end":{"line":344,"column":1}}},"fnMap":{"0":{"name":"(anonymous_0)","decl":{"start":{"line":27,"column":19},"end":{"line":27,"column":20}},"loc":{"start":{"line":27,"column":33},"end":{"line":34,"column":1}},"line":27},"1":{"name":"(anonymous_1)","decl":{"start":{"line":48,"column":22},"end":{"line":48,"column":23}},"loc":{"start":{"line":48,"column":50},"end":{"line":50,"column":1}},"line":48},"2":{"name":"(anonymous_2)","decl":{"start":{"line":58,"column":21},"end":{"line":58,"column":22}},"loc":{"start":{"line":58,"column":36},"end":{"line":81,"column":1}},"line":58},"3":{"name":"(anonymous_3)","decl":{"start":{"line":64,"column":21},"end":{"line":64,"column":22}},"loc":{"start":{"line":64,"column":42},"end":{"line":80,"column":3}},"line":64},"4":{"name":"(anonymous_4)","decl":{"start":{"line":73,"column":28},"end":{"line":73,"column":29}},"loc":{"start":{"line":73,"column":62},"end":{"line":79,"column":5}},"line":73},"5":{"name":"(anonymous_5)","decl":{"start":{"line":90,"column":32},"end":{"line":90,"column":33}},"loc":{"start":{"line":90,"column":48},"end":{"line":112,"column":1}},"line":90},"6":{"name":"(anonymous_6)","decl":{"start":{"line":96,"column":22},"end":{"line":96,"column":23}},"loc":{"start":{"line":96,"column":43},"end":{"line":111,"column":3}},"line":96},"7":{"name":"(anonymous_7)","decl":{"start":{"line":104,"column":31},"end":{"line":104,"column":32}},"loc":{"start":{"line":104,"column":61},"end":{"line":110,"column":5}},"line":104},"8":{"name":"(anonymous_8)","decl":{"start":{"line":121,"column":22},"end":{"line":121,"column":23}},"loc":{"start":{"line":121,"column":38},"end":{"line":144,"column":1}},"line":121},"9":{"name":"(anonymous_9)","decl":{"start":{"line":127,"column":22},"end":{"line":127,"column":23}},"loc":{"start":{"line":127,"column":43},"end":{"line":143,"column":3}},"line":127},"10":{"name":"(anonymous_10)","decl":{"start":{"line":136,"column":31},"end":{"line":136,"column":32}},"loc":{"start":{"line":136,"column":61},"end":{"line":142,"column":5}},"line":136},"11":{"name":"(anonymous_11)","decl":{"start":{"line":153,"column":27},"end":{"line":153,"column":28}},"loc":{"start":{"line":153,"column":43},"end":{"line":176,"column":1}},"line":153},"12":{"name":"(anonymous_12)","decl":{"start":{"line":159,"column":22},"end":{"line":159,"column":23}},"loc":{"start":{"line":159,"column":43},"end":{"line":175,"column":3}},"line":159},"13":{"name":"(anonymous_13)","decl":{"start":{"line":168,"column":34},"end":{"line":168,"column":35}},"loc":{"start":{"line":168,"column":64},"end":{"line":174,"column":5}},"line":168},"14":{"name":"(anonymous_14)","decl":{"start":{"line":184,"column":24},"end":{"line":184,"column":25}},"loc":{"start":{"line":184,"column":40},"end":{"line":208,"column":1}},"line":184},"15":{"name":"(anonymous_15)","decl":{"start":{"line":191,"column":22},"end":{"line":191,"column":23}},"loc":{"start":{"line":191,"column":43},"end":{"line":207,"column":3}},"line":191},"16":{"name":"(anonymous_16)","decl":{"start":{"line":200,"column":28},"end":{"line":200,"column":29}},"loc":{"start":{"line":200,"column":62},"end":{"line":206,"column":5}},"line":200},"17":{"name":"(anonymous_17)","decl":{"start":{"line":218,"column":18},"end":{"line":218,"column":19}},"loc":{"start":{"line":218,"column":63},"end":{"line":243,"column":1}},"line":218},"18":{"name":"(anonymous_18)","decl":{"start":{"line":225,"column":22},"end":{"line":225,"column":23}},"loc":{"start":{"line":225,"column":43},"end":{"line":242,"column":3}},"line":225},"19":{"name":"(anonymous_19)","decl":{"start":{"line":235,"column":27},"end":{"line":235,"column":28}},"loc":{"start":{"line":235,"column":57},"end":{"line":241,"column":5}},"line":235},"20":{"name":"(anonymous_20)","decl":{"start":{"line":252,"column":27},"end":{"line":252,"column":28}},"loc":{"start":{"line":252,"column":60},"end":{"line":279,"column":1}},"line":252},"21":{"name":"(anonymous_21)","decl":{"start":{"line":259,"column":22},"end":{"line":259,"column":23}},"loc":{"start":{"line":259,"column":43},"end":{"line":278,"column":3}},"line":259},"22":{"name":"(anonymous_22)","decl":{"start":{"line":269,"column":32},"end":{"line":269,"column":33}},"loc":{"start":{"line":269,"column":62},"end":{"line":277,"column":5}},"line":269},"23":{"name":"(anonymous_23)","decl":{"start":{"line":281,"column":28},"end":{"line":281,"column":29}},"loc":{"start":{"line":281,"column":61},"end":{"line":311,"column":1}},"line":281},"24":{"name":"(anonymous_24)","decl":{"start":{"line":288,"column":22},"end":{"line":288,"column":23}},"loc":{"start":{"line":288,"column":43},"end":{"line":310,"column":3}},"line":288},"25":{"name":"(anonymous_25)","decl":{"start":{"line":298,"column":34},"end":{"line":298,"column":35}},"loc":{"start":{"line":298,"column":64},"end":{"line":309,"column":5}},"line":298},"26":{"name":"(anonymous_26)","decl":{"start":{"line":313,"column":25},"end":{"line":313,"column":26}},"loc":{"start":{"line":313,"column":47},"end":{"line":340,"column":1}},"line":313},"27":{"name":"(anonymous_27)","decl":{"start":{"line":320,"column":22},"end":{"line":320,"column":23}},"loc":{"start":{"line":320,"column":43},"end":{"line":339,"column":3}},"line":320},"28":{"name":"(anonymous_28)","decl":{"start":{"line":330,"column":34},"end":{"line":330,"column":35}},"loc":{"start":{"line":330,"column":64},"end":{"line":338,"column":5}},"line":330}},"branchMap":{"0":{"loc":{"start":{"line":28,"column":4},"end":{"line":31,"column":5}},"type":"if","locations":[{"start":{"line":28,"column":4},"end":{"line":31,"column":5}},{"start":{"line":28,"column":4},"end":{"line":31,"column":5}}],"line":28},"1":{"loc":{"start":{"line":49,"column":4},"end":{"line":49,"column":22}},"type":"if","locations":[{"start":{"line":49,"column":4},"end":{"line":49,"column":22}},{"start":{"line":49,"column":4},"end":{"line":49,"column":22}}],"line":49},"2":{"loc":{"start":{"line":74,"column":6},"end":{"line":78,"column":7}},"type":"if","locations":[{"start":{"line":74,"column":6},"end":{"line":78,"column":7}},{"start":{"line":74,"column":6},"end":{"line":78,"column":7}}],"line":74},"3":{"loc":{"start":{"line":105,"column":8},"end":{"line":109,"column":9}},"type":"if","locations":[{"start":{"line":105,"column":8},"end":{"line":109,"column":9}},{"start":{"line":105,"column":8},"end":{"line":109,"column":9}}],"line":105},"4":{"loc":{"start":{"line":137,"column":8},"end":{"line":141,"column":9}},"type":"if","locations":[{"start":{"line":137,"column":8},"end":{"line":141,"column":9}},{"start":{"line":137,"column":8},"end":{"line":141,"column":9}}],"line":137},"5":{"loc":{"start":{"line":169,"column":8},"end":{"line":173,"column":9}},"type":"if","locations":[{"start":{"line":169,"column":8},"end":{"line":173,"column":9}},{"start":{"line":169,"column":8},"end":{"line":173,"column":9}}],"line":169},"6":{"loc":{"start":{"line":201,"column":6},"end":{"line":205,"column":7}},"type":"if","locations":[{"start":{"line":201,"column":6},"end":{"line":205,"column":7}},{"start":{"line":201,"column":6},"end":{"line":205,"column":7}}],"line":201},"7":{"loc":{"start":{"line":236,"column":8},"end":{"line":240,"column":9}},"type":"if","locations":[{"start":{"line":236,"column":8},"end":{"line":240,"column":9}},{"start":{"line":236,"column":8},"end":{"line":240,"column":9}}],"line":236},"8":{"loc":{"start":{"line":270,"column":8},"end":{"line":272,"column":9}},"type":"if","locations":[{"start":{"line":270,"column":8},"end":{"line":272,"column":9}},{"start":{"line":270,"column":8},"end":{"line":272,"column":9}}],"line":270},"9":{"loc":{"start":{"line":273,"column":8},"end":{"line":275,"column":9}},"type":"if","locations":[{"start":{"line":273,"column":8},"end":{"line":275,"column":9}},{"start":{"line":273,"column":8},"end":{"line":275,"column":9}}],"line":273},"10":{"loc":{"start":{"line":299,"column":8},"end":{"line":301,"column":9}},"type":"if","locations":[{"start":{"line":299,"column":8},"end":{"line":301,"column":9}},{"start":{"line":299,"column":8},"end":{"line":301,"column":9}}],"line":299},"11":{"loc":{"start":{"line":303,"column":8},"end":{"line":306,"column":9}},"type":"if","locations":[{"start":{"line":303,"column":8},"end":{"line":306,"column":9}},{"start":{"line":303,"column":8},"end":{"line":306,"column":9}}],"line":303},"12":{"loc":{"start":{"line":331,"column":8},"end":{"line":333,"column":9}},"type":"if","locations":[{"start":{"line":331,"column":8},"end":{"line":333,"column":9}},{"start":{"line":331,"column":8},"end":{"line":333,"column":9}}],"line":331}},"s":{"0":1,"1":1,"2":1,"3":1,"4":1,"5":1,"6":0,"7":0,"8":1,"9":1,"10":1,"11":1,"12":0,"13":1,"14":1,"15":1,"16":1,"17":1,"18":0,"19":1,"20":1,"21":0,"22":0,"23":0,"24":0,"25":0,"26":0,"27":1,"28":0,"29":0,"30":0,"31":0,"32":0,"33":0,"34":1,"35":0,"36":0,"37":0,"38":0,"39":0,"40":0,"41":1,"42":0,"43":0,"44":0,"45":0,"46":0,"47":0,"48":1,"49":0,"50":0,"51":0,"52":0,"53":0,"54":0,"55":1,"56":0,"57":0,"58":0,"59":0,"60":0,"61":0,"62":0,"63":0,"64":0,"65":1,"66":1,"67":1,"68":1,"69":1,"70":1,"71":0,"72":1,"73":1,"74":1,"75":1,"76":1,"77":1,"78":1,"79":1,"80":1,"81":0,"82":1,"83":1,"84":1},"f":{"0":1,"1":1,"2":1,"3":1,"4":1,"5":0,"6":0,"7":0,"8":0,"9":0,"10":0,"11":0,"12":0,"13":0,"14":0,"15":0,"16":0,"17":0,"18":0,"19":0,"20":0,"21":0,"22":0,"23":1,"24":1,"25":1,"26":1,"27":1,"28":1},"b":{"0":[0,1],"1":[0,1],"2":[0,1],"3":[0,0],"4":[0,0],"5":[0,0],"6":[0,0],"7":[0,0],"8":[0,0],"9":[0,0],"10":[0,1],"11":[1,0],"12":[0,1]},"_coverageSchema":"332fd63041d2c1bcb487cc26dd0d5f7d97098a6c","hash":"16875797d4d67665166493a347727edc67354e22"}
,"C:\\Users\\tyler\\Documents\\CIT Level 1__5k term and Backup\\Wishlister_On_PC\\Wishlister\\steam.js": {"path":"C:\\Users\\tyler\\Documents\\CIT Level 1__5k term and Backup\\Wishlister_On_PC\\Wishlister\\steam.js","statementMap":{"0":{"start":{"line":9,"column":16},"end":{"line":9,"column":34}},"1":{"start":{"line":17,"column":12},"end":{"line":44,"column":1}},"2":{"start":{"line":23,"column":4},"end":{"line":43,"column":7}},"3":{"start":{"line":24,"column":8},"end":{"line":42,"column":11}},"4":{"start":{"line":28,"column":12},"end":{"line":41,"column":13}},"5":{"start":{"line":29,"column":16},"end":{"line":29,"column":30}},"6":{"start":{"line":32,"column":31},"end":{"line":32,"column":68}},"7":{"start":{"line":34,"column":16},"end":{"line":39,"column":17}},"8":{"start":{"line":35,"column":20},"end":{"line":38,"column":22}},"9":{"start":{"line":40,"column":16},"end":{"line":40,"column":40}},"10":{"start":{"line":52,"column":16},"end":{"line":72,"column":1}},"11":{"start":{"line":58,"column":4},"end":{"line":71,"column":6}},"12":{"start":{"line":59,"column":25},"end":{"line":59,"column":27}},"13":{"start":{"line":61,"column":8},"end":{"line":69,"column":9}},"14":{"start":{"line":62,"column":12},"end":{"line":66,"column":13}},"15":{"start":{"line":63,"column":35},"end":{"line":63,"column":58}},"16":{"start":{"line":65,"column":16},"end":{"line":65,"column":30}},"17":{"start":{"line":68,"column":12},"end":{"line":68,"column":57}},"18":{"start":{"line":70,"column":8},"end":{"line":70,"column":28}},"19":{"start":{"line":80,"column":22},"end":{"line":80,"column":67}},"20":{"start":{"line":81,"column":25},"end":{"line":81,"column":79}},"21":{"start":{"line":82,"column":22},"end":{"line":82,"column":70}},"22":{"start":{"line":83,"column":19},"end":{"line":83,"column":41}},"23":{"start":{"line":84,"column":20},"end":{"line":84,"column":65}},"24":{"start":{"line":85,"column":23},"end":{"line":85,"column":54}},"25":{"start":{"line":86,"column":20},"end":{"line":86,"column":93}},"26":{"start":{"line":87,"column":15},"end":{"line":87,"column":39}},"27":{"start":{"line":88,"column":2},"end":{"line":88,"column":74}},"28":{"start":{"line":97,"column":22},"end":{"line":99,"column":1}},"29":{"start":{"line":98,"column":2},"end":{"line":98,"column":75}},"30":{"start":{"line":101,"column":0},"end":{"line":103,"column":1}}},"fnMap":{"0":{"name":"(anonymous_0)","decl":{"start":{"line":17,"column":12},"end":{"line":17,"column":13}},"loc":{"start":{"line":17,"column":25},"end":{"line":44,"column":1}},"line":17},"1":{"name":"(anonymous_1)","decl":{"start":{"line":23,"column":23},"end":{"line":23,"column":24}},"loc":{"start":{"line":23,"column":44},"end":{"line":43,"column":5}},"line":23},"2":{"name":"(anonymous_2)","decl":{"start":{"line":27,"column":11},"end":{"line":27,"column":12}},"loc":{"start":{"line":27,"column":38},"end":{"line":42,"column":9}},"line":27},"3":{"name":"(anonymous_3)","decl":{"start":{"line":52,"column":16},"end":{"line":52,"column":17}},"loc":{"start":{"line":52,"column":33},"end":{"line":72,"column":1}},"line":52},"4":{"name":"(anonymous_4)","decl":{"start":{"line":58,"column":23},"end":{"line":58,"column":24}},"loc":{"start":{"line":58,"column":49},"end":{"line":71,"column":5}},"line":58},"5":{"name":"process_object","decl":{"start":{"line":79,"column":9},"end":{"line":79,"column":23}},"loc":{"start":{"line":79,"column":38},"end":{"line":89,"column":1}},"line":79},"6":{"name":"(anonymous_6)","decl":{"start":{"line":97,"column":22},"end":{"line":97,"column":23}},"loc":{"start":{"line":97,"column":59},"end":{"line":99,"column":1}},"line":97}},"branchMap":{"0":{"loc":{"start":{"line":28,"column":12},"end":{"line":41,"column":13}},"type":"if","locations":[{"start":{"line":28,"column":12},"end":{"line":41,"column":13}},{"start":{"line":28,"column":12},"end":{"line":41,"column":13}}],"line":28},"1":{"loc":{"start":{"line":34,"column":16},"end":{"line":39,"column":17}},"type":"if","locations":[{"start":{"line":34,"column":16},"end":{"line":39,"column":17}},{"start":{"line":34,"column":16},"end":{"line":39,"column":17}}],"line":34}},"s":{"0":1,"1":1,"2":1,"3":1,"4":1,"5":0,"6":1,"7":1,"8":0,"9":1,"10":1,"11":0,"12":0,"13":0,"14":0,"15":0,"16":0,"17":0,"18":0,"19":1,"20":1,"21":1,"22":1,"23":1,"24":1,"25":1,"26":1,"27":1,"28":1,"29":2,"30":1},"f":{"0":1,"1":1,"2":1,"3":0,"4":0,"5":1,"6":2},"b":{"0":[0,1],"1":[0,1]},"_coverageSchema":"332fd63041d2c1bcb487cc26dd0d5f7d97098a6c","hash":"44f4cb1b98f1cf222caeb2f0c5765f20ffd7124c"}
}
