TN:
SF:C:\Users\tyler\Documents\CIT Level 1__5k term and Backup\Wishlister_On_PC\Wishlister\config.js
FNF:0
FNH:0
DA:1,1
DA:2,1
DA:39,1
LF:3
LH:3
BRF:0
BRH:0
end_of_record
TN:
SF:C:\Users\tyler\Documents\CIT Level 1__5k term and Backup\Wishlister_On_PC\Wishlister\gog.js
FN:8,(anonymous_0)
FN:9,(anonymous_1)
FN:13,(anonymous_2)
FN:25,(anonymous_3)
FN:36,(anonymous_4)
FNF:5
FNH:4
FNDA:2,(anonymous_0)
FNDA:2,(anonymous_1)
FNDA:2,(anonymous_2)
FNDA:1,(anonymous_3)
FNDA:0,(anonymous_4)
DA:6,1
DA:8,1
DA:9,2
DA:10,2
DA:14,2
DA:15,0
DA:18,2
DA:19,2
DA:25,1
DA:26,1
DA:27,1
DA:28,0
DA:29,0
DA:33,1
DA:36,1
DA:37,0
DA:44,1
LF:17
LH:13
BRDA:14,0,0,0
BRDA:14,0,1,2
BRDA:28,1,0,0
BRDA:28,1,1,0
BRF:4
BRH:1
end_of_record
TN:
SF:C:\Users\tyler\Documents\CIT Level 1__5k term and Backup\Wishlister_On_PC\Wishlister\server.js
FN:45,(anonymous_0)
FN:49,(anonymous_1)
FN:54,(anonymous_2)
FN:68,(anonymous_3)
FN:82,(anonymous_4)
FN:89,(anonymous_5)
FN:93,(anonymous_6)
FN:105,(anonymous_7)
FN:114,(anonymous_8)
FN:123,(anonymous_9)
FN:131,(anonymous_10)
FN:148,(anonymous_11)
FN:185,(anonymous_12)
FN:186,(anonymous_13)
FN:194,(anonymous_14)
FN:215,(anonymous_15)
FN:223,(anonymous_16)
FN:232,(anonymous_17)
FN:245,(anonymous_18)
FN:254,(anonymous_19)
FN:256,(anonymous_20)
FN:266,(anonymous_21)
FN:279,(anonymous_22)
FN:283,(anonymous_23)
FN:289,(anonymous_24)
FN:298,(anonymous_25)
FN:302,(anonymous_26)
FN:306,(anonymous_27)
FN:308,(anonymous_28)
FN:317,(anonymous_29)
FN:323,(anonymous_30)
FN:331,(anonymous_31)
FN:338,(anonymous_32)
FN:346,(anonymous_33)
FN:362,(anonymous_34)
FN:365,(anonymous_35)
FN:382,(anonymous_36)
FN:384,(anonymous_37)
FN:391,(anonymous_38)
FN:395,(anonymous_39)
FN:402,(anonymous_40)
FN:415,(anonymous_41)
FN:421,(anonymous_42)
FN:423,(anonymous_43)
FN:428,(anonymous_44)
FN:430,(anonymous_45)
FN:440,(anonymous_46)
FN:451,(anonymous_47)
FN:459,(anonymous_48)
FN:464,(anonymous_49)
FN:466,(anonymous_50)
FN:471,(anonymous_51)
FN:490,(anonymous_52)
FN:516,(anonymous_53)
FN:522,(anonymous_54)
FN:527,(anonymous_55)
FN:533,(anonymous_56)
FN:537,(anonymous_57)
FN:541,(anonymous_58)
FN:545,(anonymous_59)
FN:549,(anonymous_60)
FN:553,(anonymous_61)
FN:557,(anonymous_62)
FN:561,(anonymous_63)
FN:571,(anonymous_64)
FNF:65
FNH:1
FNDA:0,(anonymous_0)
FNDA:0,(anonymous_1)
FNDA:0,(anonymous_2)
FNDA:0,(anonymous_3)
FNDA:0,(anonymous_4)
FNDA:0,(anonymous_5)
FNDA:0,(anonymous_6)
FNDA:0,(anonymous_7)
FNDA:0,(anonymous_8)
FNDA:0,(anonymous_9)
FNDA:0,(anonymous_10)
FNDA:0,(anonymous_11)
FNDA:0,(anonymous_12)
FNDA:0,(anonymous_13)
FNDA:0,(anonymous_14)
FNDA:0,(anonymous_15)
FNDA:0,(anonymous_16)
FNDA:0,(anonymous_17)
FNDA:0,(anonymous_18)
FNDA:0,(anonymous_19)
FNDA:0,(anonymous_20)
FNDA:0,(anonymous_21)
FNDA:0,(anonymous_22)
FNDA:0,(anonymous_23)
FNDA:0,(anonymous_24)
FNDA:0,(anonymous_25)
FNDA:0,(anonymous_26)
FNDA:0,(anonymous_27)
FNDA:0,(anonymous_28)
FNDA:0,(anonymous_29)
FNDA:0,(anonymous_30)
FNDA:0,(anonymous_31)
FNDA:0,(anonymous_32)
FNDA:0,(anonymous_33)
FNDA:0,(anonymous_34)
FNDA:0,(anonymous_35)
FNDA:0,(anonymous_36)
FNDA:0,(anonymous_37)
FNDA:0,(anonymous_38)
FNDA:0,(anonymous_39)
FNDA:0,(anonymous_40)
FNDA:0,(anonymous_41)
FNDA:0,(anonymous_42)
FNDA:0,(anonymous_43)
FNDA:0,(anonymous_44)
FNDA:0,(anonymous_45)
FNDA:0,(anonymous_46)
FNDA:0,(anonymous_47)
FNDA:0,(anonymous_48)
FNDA:0,(anonymous_49)
FNDA:0,(anonymous_50)
FNDA:0,(anonymous_51)
FNDA:0,(anonymous_52)
FNDA:0,(anonymous_53)
FNDA:1,(anonymous_54)
FNDA:0,(anonymous_55)
FNDA:0,(anonymous_56)
FNDA:0,(anonymous_57)
FNDA:0,(anonymous_58)
FNDA:0,(anonymous_59)
FNDA:0,(anonymous_60)
FNDA:0,(anonymous_61)
FNDA:0,(anonymous_62)
FNDA:0,(anonymous_63)
FNDA:0,(anonymous_64)
DA:1,1
DA:2,1
DA:3,1
DA:4,1
DA:5,1
DA:6,1
DA:7,1
DA:8,1
DA:9,1
DA:10,1
DA:15,1
DA:18,1
DA:21,1
DA:24,1
DA:25,1
DA:26,1
DA:27,1
DA:28,1
DA:31,1
DA:33,1
DA:34,1
DA:35,1
DA:36,1
DA:39,1
DA:45,1
DA:46,0
DA:49,1
DA:50,0
DA:54,1
DA:55,0
DA:56,0
DA:57,0
DA:58,0
DA:59,0
DA:61,0
DA:64,0
DA:68,1
DA:69,0
DA:70,0
DA:71,0
DA:73,0
DA:82,1
DA:84,0
DA:85,0
DA:86,0
DA:89,0
DA:91,0
DA:95,0
DA:96,0
DA:107,0
DA:114,1
DA:115,0
DA:116,0
DA:123,0
DA:124,0
DA:127,0
DA:128,0
DA:129,0
DA:131,0
DA:132,0
DA:133,0
DA:134,0
DA:136,0
DA:149,0
DA:154,0
DA:158,0
DA:159,0
DA:161,0
DA:162,0
DA:163,0
DA:164,0
DA:167,0
DA:169,0
DA:185,1
DA:186,0
DA:187,0
DA:190,0
DA:191,0
DA:192,0
DA:194,0
DA:196,0
DA:197,0
DA:198,0
DA:200,0
DA:202,0
DA:216,0
DA:223,1
DA:224,0
DA:225,0
DA:226,0
DA:230,0
DA:232,0
DA:233,0
DA:234,0
DA:235,0
DA:243,0
DA:245,0
DA:246,0
DA:248,0
DA:249,0
DA:250,0
DA:254,0
DA:255,0
DA:257,0
DA:258,0
DA:267,0
DA:271,0
DA:272,0
DA:280,0
DA:284,0
DA:289,1
DA:290,0
DA:291,0
DA:298,1
DA:299,0
DA:300,0
DA:302,0
DA:303,0
DA:306,0
DA:307,0
DA:309,0
DA:310,0
DA:318,0
DA:323,1
DA:324,0
DA:331,1
DA:332,0
DA:338,1
DA:339,0
DA:346,1
DA:347,0
DA:348,0
DA:349,0
DA:350,0
DA:351,0
DA:352,0
DA:353,0
DA:354,0
DA:355,0
DA:356,0
DA:357,0
DA:358,0
DA:359,0
DA:360,0
DA:362,0
DA:363,0
DA:365,0
DA:366,0
DA:368,0
DA:369,0
DA:382,0
DA:383,0
DA:385,0
DA:386,0
DA:392,0
DA:396,0
DA:402,1
DA:405,0
DA:406,0
DA:411,0
DA:413,0
DA:415,0
DA:417,0
DA:419,0
DA:421,0
DA:424,0
DA:428,0
DA:429,0
DA:431,0
DA:432,0
DA:441,0
DA:451,1
DA:453,0
DA:454,0
DA:455,0
DA:456,0
DA:457,0
DA:459,0
DA:461,0
DA:464,0
DA:465,0
DA:468,0
DA:469,0
DA:470,0
DA:471,0
DA:475,0
DA:476,0
DA:483,0
DA:490,0
DA:491,0
DA:492,0
DA:494,0
DA:507,0
DA:516,1
DA:517,0
DA:518,0
DA:522,1
DA:523,1
DA:527,1
DA:528,0
DA:529,0
DA:530,0
DA:533,1
DA:534,0
DA:537,1
DA:538,0
DA:541,1
DA:542,0
DA:545,1
DA:546,0
DA:549,1
DA:550,0
DA:553,1
DA:554,0
DA:557,1
DA:558,0
DA:561,1
DA:562,0
DA:563,0
DA:564,0
DA:566,0
DA:571,1
DA:572,0
DA:573,0
DA:574,0
LF:225
LH:53
BRDA:58,0,0,0
BRDA:58,0,1,0
BRDA:85,1,0,0
BRDA:85,1,1,0
BRDA:115,2,0,0
BRDA:115,2,1,0
BRDA:127,3,0,0
BRDA:127,3,1,0
BRDA:190,4,0,0
BRDA:190,4,1,0
BRDA:233,5,0,0
BRDA:233,5,1,0
BRDA:246,6,0,0
BRDA:246,6,1,0
BRDA:368,7,0,0
BRDA:368,7,1,0
BRDA:368,8,0,0
BRDA:368,8,1,0
BRDA:368,8,2,0
BRDA:368,8,3,0
BRDA:368,8,4,0
BRDA:368,8,5,0
BRDA:368,8,6,0
BRDA:368,8,7,0
BRDA:368,8,8,0
BRDA:385,9,0,0
BRDA:385,9,1,0
BRDA:405,10,0,0
BRDA:405,10,1,0
BRDA:411,11,0,0
BRDA:411,11,1,0
BRDA:419,12,0,0
BRDA:419,12,1,0
BRDA:461,13,0,0
BRDA:461,13,1,0
BRDA:491,14,0,0
BRDA:491,14,1,0
BRDA:554,15,0,0
BRDA:554,15,1,0
BRDA:563,16,0,0
BRDA:563,16,1,0
BRF:41
BRH:0
end_of_record
TN:
SF:C:\Users\tyler\Documents\CIT Level 1__5k term and Backup\Wishlister_On_PC\Wishlister\sql_db.js
FN:27,(anonymous_0)
FN:48,(anonymous_1)
FN:58,(anonymous_2)
FN:64,(anonymous_3)
FN:73,(anonymous_4)
FN:90,(anonymous_5)
FN:96,(anonymous_6)
FN:104,(anonymous_7)
FN:121,(anonymous_8)
FN:127,(anonymous_9)
FN:136,(anonymous_10)
FN:153,(anonymous_11)
FN:159,(anonymous_12)
FN:168,(anonymous_13)
FN:184,(anonymous_14)
FN:191,(anonymous_15)
FN:200,(anonymous_16)
FN:218,(anonymous_17)
FN:225,(anonymous_18)
FN:235,(anonymous_19)
FN:252,(anonymous_20)
FN:259,(anonymous_21)
FN:269,(anonymous_22)
FN:281,(anonymous_23)
FN:288,(anonymous_24)
FN:298,(anonymous_25)
FN:313,(anonymous_26)
FN:320,(anonymous_27)
FN:330,(anonymous_28)
FNF:29
FNH:11
FNDA:1,(anonymous_0)
FNDA:1,(anonymous_1)
FNDA:1,(anonymous_2)
FNDA:1,(anonymous_3)
FNDA:1,(anonymous_4)
FNDA:0,(anonymous_5)
FNDA:0,(anonymous_6)
FNDA:0,(anonymous_7)
FNDA:0,(anonymous_8)
FNDA:0,(anonymous_9)
FNDA:0,(anonymous_10)
FNDA:0,(anonymous_11)
FNDA:0,(anonymous_12)
FNDA:0,(anonymous_13)
FNDA:0,(anonymous_14)
FNDA:0,(anonymous_15)
FNDA:0,(anonymous_16)
FNDA:0,(anonymous_17)
FNDA:0,(anonymous_18)
FNDA:0,(anonymous_19)
FNDA:0,(anonymous_20)
FNDA:0,(anonymous_21)
FNDA:0,(anonymous_22)
FNDA:1,(anonymous_23)
FNDA:1,(anonymous_24)
FNDA:1,(anonymous_25)
FNDA:1,(anonymous_26)
FNDA:1,(anonymous_27)
FNDA:1,(anonymous_28)
DA:9,1
DA:14,1
DA:15,1
DA:21,1
DA:27,1
DA:28,1
DA:29,0
DA:30,0
DA:33,1
DA:39,1
DA:48,1
DA:49,1
DA:58,1
DA:64,1
DA:66,1
DA:73,1
DA:74,1
DA:75,0
DA:77,1
DA:90,1
DA:96,0
DA:97,0
DA:104,0
DA:105,0
DA:106,0
DA:108,0
DA:121,1
DA:127,0
DA:129,0
DA:136,0
DA:137,0
DA:138,0
DA:140,0
DA:153,1
DA:159,0
DA:161,0
DA:168,0
DA:169,0
DA:170,0
DA:172,0
DA:184,1
DA:191,0
DA:192,0
DA:200,0
DA:201,0
DA:202,0
DA:204,0
DA:218,1
DA:225,0
DA:226,0
DA:235,0
DA:236,0
DA:237,0
DA:239,0
DA:252,1
DA:259,0
DA:260,0
DA:261,0
DA:269,0
DA:270,0
DA:271,0
DA:273,0
DA:274,0
DA:276,0
DA:281,1
DA:288,1
DA:289,1
DA:290,1
DA:298,1
DA:299,1
DA:300,0
DA:303,1
DA:304,1
DA:308,1
DA:313,1
DA:320,1
DA:321,1
DA:322,1
DA:330,1
DA:331,1
DA:332,0
DA:336,1
DA:337,1
DA:342,1
LF:84
LH:40
BRDA:28,0,0,0
BRDA:28,0,1,1
BRDA:49,1,0,0
BRDA:49,1,1,1
BRDA:74,2,0,0
BRDA:74,2,1,1
BRDA:105,3,0,0
BRDA:105,3,1,0
BRDA:137,4,0,0
BRDA:137,4,1,0
BRDA:169,5,0,0
BRDA:169,5,1,0
BRDA:201,6,0,0
BRDA:201,6,1,0
BRDA:236,7,0,0
BRDA:236,7,1,0
BRDA:270,8,0,0
BRDA:270,8,1,0
BRDA:273,9,0,0
BRDA:273,9,1,0
BRDA:299,10,0,0
BRDA:299,10,1,1
BRDA:303,11,0,1
BRDA:303,11,1,0
BRDA:331,12,0,0
BRDA:331,12,1,1
BRF:26
BRH:6
end_of_record
TN:
SF:C:\Users\tyler\Documents\CIT Level 1__5k term and Backup\Wishlister_On_PC\Wishlister\steam.js
FN:17,(anonymous_0)
FN:23,(anonymous_1)
FN:27,(anonymous_2)
FN:52,(anonymous_3)
FN:58,(anonymous_4)
FN:79,process_object
FN:97,(anonymous_6)
FNF:7
FNH:5
FNDA:1,(anonymous_0)
FNDA:1,(anonymous_1)
FNDA:1,(anonymous_2)
FNDA:0,(anonymous_3)
FNDA:0,(anonymous_4)
FNDA:1,process_object
FNDA:2,(anonymous_6)
DA:9,1
DA:17,1
DA:23,1
DA:24,1
DA:28,1
DA:29,0
DA:32,1
DA:34,1
DA:35,0
DA:40,1
DA:52,1
DA:58,0
DA:59,0
DA:61,0
DA:62,0
DA:63,0
DA:65,0
DA:68,0
DA:70,0
DA:80,1
DA:81,1
DA:82,1
DA:83,1
DA:84,1
DA:85,1
DA:86,1
DA:87,1
DA:88,1
DA:97,1
DA:98,2
DA:101,1
LF:31
LH:21
BRDA:28,0,0,0
BRDA:28,0,1,1
BRDA:34,1,0,0
BRDA:34,1,1,1
BRF:4
BRH:2
end_of_record
