TN:
SF:C:\ACIT level 2\Projects\Wishlister\config.js
FNF:0
FNH:0
DA:1,1
DA:2,1
DA:35,1
LF:3
LH:3
BRF:0
BRH:0
end_of_record
TN:
SF:C:\ACIT level 2\Projects\Wishlister\gog.js
FN:8,(anonymous_0)
FN:9,(anonymous_1)
FN:13,(anonymous_2)
FN:25,(anonymous_3)
FNF:4
FNH:4
FNDA:4,(anonymous_0)
FNDA:4,(anonymous_1)
FNDA:4,(anonymous_2)
FNDA:2,(anonymous_3)
DA:6,1
DA:8,1
DA:9,4
DA:10,4
DA:14,4
DA:15,0
DA:18,4
DA:19,4
DA:25,1
DA:26,2
DA:27,2
DA:28,2
DA:29,1
DA:33,2
DA:37,1
LF:15
LH:14
BRDA:14,0,0,0
BRDA:14,0,1,4
BRDA:28,1,0,1
BRDA:28,1,1,1
BRF:4
BRH:3
end_of_record
TN:
SF:C:\ACIT level 2\Projects\Wishlister\sql_db.js
FN:27,(anonymous_0)
FN:48,(anonymous_1)
FN:58,(anonymous_2)
FN:64,(anonymous_3)
FN:73,(anonymous_4)
FN:90,(anonymous_5)
FN:96,(anonymous_6)
FN:104,(anonymous_7)
FN:121,(anonymous_8)
FN:127,(anonymous_9)
FN:136,(anonymous_10)
FN:153,(anonymous_11)
FN:159,(anonymous_12)
FN:168,(anonymous_13)
FN:184,(anonymous_14)
FN:191,(anonymous_15)
FN:200,(anonymous_16)
FN:218,(anonymous_17)
FN:225,(anonymous_18)
FN:235,(anonymous_19)
FN:252,(anonymous_20)
FN:259,(anonymous_21)
FN:269,(anonymous_22)
FN:281,(anonymous_23)
FN:288,(anonymous_24)
FN:298,(anonymous_25)
FN:310,(anonymous_26)
FN:317,(anonymous_27)
FN:327,(anonymous_28)
FNF:29
FNH:5
FNDA:1,(anonymous_0)
FNDA:1,(anonymous_1)
FNDA:1,(anonymous_2)
FNDA:1,(anonymous_3)
FNDA:1,(anonymous_4)
FNDA:0,(anonymous_5)
FNDA:0,(anonymous_6)
FNDA:0,(anonymous_7)
FNDA:0,(anonymous_8)
FNDA:0,(anonymous_9)
FNDA:0,(anonymous_10)
FNDA:0,(anonymous_11)
FNDA:0,(anonymous_12)
FNDA:0,(anonymous_13)
FNDA:0,(anonymous_14)
FNDA:0,(anonymous_15)
FNDA:0,(anonymous_16)
FNDA:0,(anonymous_17)
FNDA:0,(anonymous_18)
FNDA:0,(anonymous_19)
FNDA:0,(anonymous_20)
FNDA:0,(anonymous_21)
FNDA:0,(anonymous_22)
FNDA:0,(anonymous_23)
FNDA:0,(anonymous_24)
FNDA:0,(anonymous_25)
FNDA:0,(anonymous_26)
FNDA:0,(anonymous_27)
FNDA:0,(anonymous_28)
DA:9,1
DA:14,1
DA:15,1
DA:21,1
DA:27,1
DA:28,1
DA:29,0
DA:30,0
DA:33,1
DA:39,1
DA:48,1
DA:49,1
DA:58,1
DA:64,1
DA:66,1
DA:73,1
DA:74,1
DA:75,0
DA:77,1
DA:90,1
DA:96,0
DA:97,0
DA:104,0
DA:105,0
DA:106,0
DA:108,0
DA:121,1
DA:127,0
DA:129,0
DA:136,0
DA:137,0
DA:138,0
DA:140,0
DA:153,1
DA:159,0
DA:161,0
DA:168,0
DA:169,0
DA:170,0
DA:172,0
DA:184,1
DA:191,0
DA:192,0
DA:200,0
DA:201,0
DA:202,0
DA:204,0
DA:218,1
DA:225,0
DA:226,0
DA:235,0
DA:236,0
DA:237,0
DA:239,0
DA:252,1
DA:259,0
DA:260,0
DA:261,0
DA:269,0
DA:270,0
DA:271,0
DA:273,0
DA:274,0
DA:276,0
DA:281,1
DA:288,0
DA:289,0
DA:290,0
DA:298,0
DA:299,0
DA:300,0
DA:302,0
DA:303,0
DA:305,0
DA:310,1
DA:317,0
DA:318,0
DA:319,0
DA:327,0
DA:328,0
DA:329,0
DA:331,0
DA:332,0
DA:334,0
DA:339,1
LF:85
LH:25
BRDA:28,0,0,0
BRDA:28,0,1,1
BRDA:49,1,0,0
BRDA:49,1,1,1
BRDA:74,2,0,0
BRDA:74,2,1,1
BRDA:105,3,0,0
BRDA:105,3,1,0
BRDA:137,4,0,0
BRDA:137,4,1,0
BRDA:169,5,0,0
BRDA:169,5,1,0
BRDA:201,6,0,0
BRDA:201,6,1,0
BRDA:236,7,0,0
BRDA:236,7,1,0
BRDA:270,8,0,0
BRDA:270,8,1,0
BRDA:273,9,0,0
BRDA:273,9,1,0
BRDA:299,10,0,0
BRDA:299,10,1,0
BRDA:302,11,0,0
BRDA:302,11,1,0
BRDA:328,12,0,0
BRDA:328,12,1,0
BRDA:331,13,0,0
BRDA:331,13,1,0
BRF:28
BRH:3
end_of_record
TN:
SF:C:\ACIT level 2\Projects\Wishlister\steam.js
FN:17,(anonymous_0)
FN:23,(anonymous_1)
FN:27,(anonymous_2)
FN:52,(anonymous_3)
FN:58,(anonymous_4)
FN:79,process_object
FN:97,(anonymous_6)
FNF:7
FNH:5
FNDA:1,(anonymous_0)
FNDA:1,(anonymous_1)
FNDA:1,(anonymous_2)
FNDA:0,(anonymous_3)
FNDA:0,(anonymous_4)
FNDA:1,process_object
FNDA:2,(anonymous_6)
DA:9,1
DA:17,1
DA:23,1
DA:24,1
DA:28,1
DA:29,0
DA:32,1
DA:34,1
DA:35,0
DA:40,1
DA:52,1
DA:58,0
DA:59,0
DA:61,0
DA:62,0
DA:63,0
DA:65,0
DA:68,0
DA:70,0
DA:80,1
DA:81,1
DA:82,1
DA:83,1
DA:84,1
DA:85,1
DA:86,1
DA:87,1
DA:88,1
DA:97,1
DA:98,2
DA:101,1
LF:31
LH:21
BRDA:28,0,0,0
BRDA:28,0,1,1
BRDA:34,1,0,0
BRDA:34,1,1,1
BRF:4
BRH:2
end_of_record
